#
# There is insufficient memory for the Java Runtime Environment to continue.
# Native memory allocation (malloc) failed to allocate 243856 bytes for Chunk::new
# Possible reasons:
#   The system is out of physical RAM or swap space
#   The process is running with CompressedOops enabled, and the Java Heap may be blocking the growth of the native heap
# Possible solutions:
#   Reduce memory load on the system
#   Increase physical memory or swap space
#   Check if swap backing store is full
#   Decrease Java heap size (-Xmx/-Xms)
#   Decrease number of Java threads
#   Decrease Java thread stack sizes (-Xss)
#   Set larger code cache with -XX:ReservedCodeCacheSize=
#   JVM is running with Unscaled Compressed Oops mode in which the Java heap is
#     placed in the first 4GB address space. The Java Heap base address is the
#     maximum limit for the native heap growth. Please use -XX:HeapBaseMinAddress
#     to set the Java Heap base and to place the Java Heap above 4GB virtual address.
# This output file may be truncated or incomplete.
#
#  Out of Memory Error (./src/hotspot/share/memory/arena.cpp:197), pid=6804, tid=4156
#
# JRE version: OpenJDK Runtime Environment (11.0.13) (build 11.0.13+0-b1751.21-8125866)
# Java VM: OpenJDK 64-Bit Server VM (11.0.13+0-b1751.21-8125866, mixed mode, tiered, compressed oops, g1 gc, windows-amd64)
# No core dump will be written. Minidumps are not enabled by default on client versions of Windows
#

---------------  S U M M A R Y ------------

Command Line: --add-opens=java.base/java.util=ALL-UNNAMED --add-opens=java.base/java.lang=ALL-UNNAMED --add-opens=java.base/java.lang.invoke=ALL-UNNAMED --add-opens=java.base/java.util=ALL-UNNAMED --add-opens=java.prefs/java.util.prefs=ALL-UNNAMED --add-opens=java.prefs/java.util.prefs=ALL-UNNAMED --add-opens=java.base/java.nio.charset=ALL-UNNAMED --add-opens=java.base/java.net=ALL-UNNAMED --add-opens=java.base/java.util.concurrent.atomic=ALL-UNNAMED -Xmx1536M -Dfile.encoding=windows-1252 -Duser.country=US -Duser.language=en -Duser.variant org.gradle.launcher.daemon.bootstrap.GradleDaemon 7.5

Host: Intel(R) Core(TM) i5-6200U CPU @ 2.30GHz, 4 cores, 7G,  Windows 10 , 64 bit Build 19041 (10.0.19041.3393)
Time: Tue Sep 19 18:53:08 2023 W. Europe Daylight Time elapsed time: 104.939077 seconds (0d 0h 1m 44s)

---------------  T H R E A D  ---------------

Current thread (0x000002c77f551000):  JavaThread "C2 CompilerThread0" daemon [_thread_in_native, id=4156, stack(0x000000e52d300000,0x000000e52d400000)]


Current CompileTask:
C2: 104939 13096       4       org.gradle.internal.component.external.model.ImmutableCapability::<init> (58 bytes)

Stack: [0x000000e52d300000,0x000000e52d400000]
Native frames: (J=compiled Java code, j=interpreted, Vv=VM code, C=native code)
V  [jvm.dll+0x6100fa]
V  [jvm.dll+0x747090]
V  [jvm.dll+0x7486ad]
V  [jvm.dll+0x748d83]
V  [jvm.dll+0x24ab48]
V  [jvm.dll+0xc04dc]
V  [jvm.dll+0xc0a0c]
V  [jvm.dll+0x35eb9d]
V  [jvm.dll+0x32b833]
V  [jvm.dll+0x32ad2a]
V  [jvm.dll+0x2032b2]
V  [jvm.dll+0x202437]
V  [jvm.dll+0x188e01]
V  [jvm.dll+0x21106b]
V  [jvm.dll+0x20f8c1]
V  [jvm.dll+0x70de0f]
V  [jvm.dll+0x706a75]
V  [jvm.dll+0x60ed66]
C  [ucrtbase.dll+0x21bb2]
C  [KERNEL32.DLL+0x17344]
C  [ntdll.dll+0x526b1]


---------------  P R O C E S S  ---------------

Threads class SMR info:
_java_thread_list=0x000002c719f68fa0, length=80, elements={
0x000002c777c2e000, 0x000002c77f529800, 0x000002c77f52c800, 0x000002c77f548000,
0x000002c77f549800, 0x000002c77f54b000, 0x000002c77f551000, 0x000002c77f556000,
0x000002c77f557800, 0x000002c71118a800, 0x000002c712835800, 0x000002c712e58800,
0x000002c71307d800, 0x000002c711ab5800, 0x000002c711ce0000, 0x000002c7124db000,
0x000002c712327800, 0x000002c7110ff000, 0x000002c712328000, 0x000002c7121ec000,
0x000002c711d23000, 0x000002c711d1f800, 0x000002c711d22000, 0x000002c711d1d000,
0x000002c711d23800, 0x000002c711d1e000, 0x000002c711d1f000, 0x000002c711d20800,
0x000002c711d21800, 0x000002c712548000, 0x000002c71254b800, 0x000002c71254a000,
0x000002c712549000, 0x000002c712546800, 0x000002c71254c800, 0x000002c71254d000,
0x000002c712547800, 0x000002c71254f000, 0x000002c71254f800, 0x000002c712551000,
0x000002c712550800, 0x000002c712553000, 0x000002c712553800, 0x000002c712552000,
0x000002c71254e000, 0x000002c712554800, 0x000002c712555800, 0x000002c715732800,
0x000002c715730000, 0x000002c715730800, 0x000002c715731800, 0x000002c71572f000,
0x000002c71572e800, 0x000002c715736800, 0x000002c715738000, 0x000002c715737800,
0x000002c715739000, 0x000002c715734000, 0x000002c715733000, 0x000002c715735800,
0x000002c715739800, 0x000002c71573a800, 0x000002c715735000, 0x000002c71573b800,
0x000002c71573d000, 0x000002c71573c000, 0x000002c715c43800, 0x000002c715c3e800,
0x000002c715c3e000, 0x000002c715c44800, 0x000002c715c42800, 0x000002c715c45000,
0x000002c715c42000, 0x000002c715c3f800, 0x000002c715c46000, 0x000002c715c40000,
0x000002c715c47000, 0x000002c715c41000, 0x000002c715c47800, 0x000002c71bbb3800
}

Java Threads: ( => current thread )
  0x000002c777c2e000 JavaThread "main" [_thread_blocked, id=5592, stack(0x000000e52c700000,0x000000e52c800000)]
  0x000002c77f529800 JavaThread "Reference Handler" daemon [_thread_blocked, id=5700, stack(0x000000e52ce00000,0x000000e52cf00000)]
  0x000002c77f52c800 JavaThread "Finalizer" daemon [_thread_blocked, id=5076, stack(0x000000e52cf00000,0x000000e52d000000)]
  0x000002c77f548000 JavaThread "Signal Dispatcher" daemon [_thread_blocked, id=6688, stack(0x000000e52d000000,0x000000e52d100000)]
  0x000002c77f549800 JavaThread "Attach Listener" daemon [_thread_blocked, id=9296, stack(0x000000e52d100000,0x000000e52d200000)]
  0x000002c77f54b000 JavaThread "Service Thread" daemon [_thread_blocked, id=9004, stack(0x000000e52d200000,0x000000e52d300000)]
=>0x000002c77f551000 JavaThread "C2 CompilerThread0" daemon [_thread_in_native, id=4156, stack(0x000000e52d300000,0x000000e52d400000)]
  0x000002c77f556000 JavaThread "C1 CompilerThread0" daemon [_thread_blocked, id=13640, stack(0x000000e52d400000,0x000000e52d500000)]
  0x000002c77f557800 JavaThread "Sweeper thread" daemon [_thread_in_vm, id=9040, stack(0x000000e52d500000,0x000000e52d600000)]
  0x000002c71118a800 JavaThread "Common-Cleaner" daemon [_thread_blocked, id=12980, stack(0x000000e52d600000,0x000000e52d700000)]
  0x000002c712835800 JavaThread "Daemon health stats" [_thread_blocked, id=7400, stack(0x000000e52d800000,0x000000e52d900000)]
  0x000002c712e58800 JavaThread "Incoming local TCP Connector on port 53228" [_thread_in_native, id=11068, stack(0x000000e52db00000,0x000000e52dc00000)]
  0x000002c71307d800 JavaThread "Daemon periodic checks" [_thread_blocked, id=14272, stack(0x000000e52dd00000,0x000000e52de00000)]
  0x000002c711ab5800 JavaThread "Daemon" [_thread_blocked, id=3404, stack(0x000000e52de00000,0x000000e52df00000)]
  0x000002c711ce0000 JavaThread "Handler for socket connection from /127.0.0.1:53228 to /127.0.0.1:53229" [_thread_in_native, id=8760, stack(0x000000e52df00000,0x000000e52e000000)]
  0x000002c7124db000 JavaThread "Cancel handler" [_thread_blocked, id=6540, stack(0x000000e52e000000,0x000000e52e100000)]
  0x000002c712327800 JavaThread "Daemon worker" [_thread_blocked, id=12224, stack(0x000000e52e100000,0x000000e52e200000)]
  0x000002c7110ff000 JavaThread "Asynchronous log dispatcher for DefaultDaemonConnection: socket connection from /127.0.0.1:53228 to /127.0.0.1:53229" [_thread_blocked, id=5256, stack(0x000000e52e200000,0x000000e52e300000)]
  0x000002c712328000 JavaThread "Stdin handler" [_thread_blocked, id=11768, stack(0x000000e52e300000,0x000000e52e400000)]
  0x000002c7121ec000 JavaThread "Daemon client event forwarder" [_thread_blocked, id=11740, stack(0x000000e52e400000,0x000000e52e500000)]
  0x000002c711d23000 JavaThread "Cache worker for journal cache (C:\Users\user\.gradle\caches\journal-1)" [_thread_blocked, id=1912, stack(0x000000e52e500000,0x000000e52e600000)]
  0x000002c711d1f800 JavaThread "File lock request listener" [_thread_in_native, id=12740, stack(0x000000e52e600000,0x000000e52e700000)]
  0x000002c711d22000 JavaThread "Cache worker for file hash cache (C:\Users\user\.gradle\caches\7.5\fileHashes)" [_thread_blocked, id=1840, stack(0x000000e52e700000,0x000000e52e800000)]
  0x000002c711d1d000 JavaThread "File watcher server" daemon [_thread_in_native, id=1232, stack(0x000000e52e800000,0x000000e52e900000)]
  0x000002c711d23800 JavaThread "File watcher consumer" daemon [_thread_blocked, id=13848, stack(0x000000e52e900000,0x000000e52ea00000)]
  0x000002c711d1e000 JavaThread "Cache worker for checksums cache (E:\Autotelematics_new_app\autotelematic_new_app\android\.gradle\7.5\checksums)" [_thread_blocked, id=248, stack(0x000000e52ea00000,0x000000e52eb00000)]
  0x000002c711d1f000 JavaThread "Cache worker for cache directory md-rule (C:\Users\user\.gradle\caches\7.5\md-rule)" [_thread_blocked, id=7988, stack(0x000000e52eb00000,0x000000e52ec00000)]
  0x000002c711d20800 JavaThread "Cache worker for file content cache (C:\Users\user\.gradle\caches\7.5\fileContent)" [_thread_blocked, id=1188, stack(0x000000e52ec00000,0x000000e52ed00000)]
  0x000002c711d21800 JavaThread "Cache worker for file hash cache (E:\Autotelematics_new_app\autotelematic_new_app\android\.gradle\7.5\fileHashes)" [_thread_blocked, id=11352, stack(0x000000e52ed00000,0x000000e52ee00000)]
  0x000002c712548000 JavaThread "Cache worker for cache directory md-supplier (C:\Users\user\.gradle\caches\7.5\md-supplier)" [_thread_blocked, id=768, stack(0x000000e52ee00000,0x000000e52ef00000)]
  0x000002c71254b800 JavaThread "Cache worker for execution history cache (C:\Users\user\.gradle\caches\7.5\executionHistory)" [_thread_blocked, id=8548, stack(0x000000e52ef00000,0x000000e52f000000)]
  0x000002c71254a000 JavaThread "jar transforms" [_thread_blocked, id=10148, stack(0x000000e52f000000,0x000000e52f100000)]
  0x000002c712549000 JavaThread "jar transforms Thread 2" [_thread_blocked, id=8304, stack(0x000000e52f100000,0x000000e52f200000)]
  0x000002c712546800 JavaThread "jar transforms Thread 3" [_thread_blocked, id=8012, stack(0x000000e52f200000,0x000000e52f300000)]
  0x000002c71254c800 JavaThread "jar transforms Thread 4" [_thread_blocked, id=9132, stack(0x000000e52f300000,0x000000e52f400000)]
  0x000002c71254d000 JavaThread "Cache worker for dependencies-accessors (E:\Autotelematics_new_app\autotelematic_new_app\android\.gradle\7.5\dependencies-accessors)" [_thread_blocked, id=5112, stack(0x000000e52f400000,0x000000e52f500000)]
  0x000002c712547800 JavaThread "Cache worker for Build Output Cleanup Cache (E:\Autotelematics_new_app\autotelematic_new_app\android\.gradle\buildOutputCleanup)" [_thread_blocked, id=2592, stack(0x000000e52f500000,0x000000e52f600000)]
  0x000002c71254f000 JavaThread "Unconstrained build operations" [_thread_blocked, id=8316, stack(0x000000e52f600000,0x000000e52f700000)]
  0x000002c71254f800 JavaThread "Unconstrained build operations Thread 2" [_thread_blocked, id=7064, stack(0x000000e52f700000,0x000000e52f800000)]
  0x000002c712551000 JavaThread "Unconstrained build operations Thread 3" [_thread_blocked, id=5188, stack(0x000000e52f800000,0x000000e52f900000)]
  0x000002c712550800 JavaThread "Unconstrained build operations Thread 4" [_thread_blocked, id=5816, stack(0x000000e52f900000,0x000000e52fa00000)]
  0x000002c712553000 JavaThread "Unconstrained build operations Thread 5" [_thread_blocked, id=8924, stack(0x000000e52fa00000,0x000000e52fb00000)]
  0x000002c712553800 JavaThread "Unconstrained build operations Thread 6" [_thread_blocked, id=6840, stack(0x000000e52fb00000,0x000000e52fc00000)]
  0x000002c712552000 JavaThread "Unconstrained build operations Thread 7" [_thread_blocked, id=6832, stack(0x000000e52fc00000,0x000000e52fd00000)]
  0x000002c71254e000 JavaThread "Unconstrained build operations Thread 8" [_thread_blocked, id=3080, stack(0x000000e52fd00000,0x000000e52fe00000)]
  0x000002c712554800 JavaThread "Unconstrained build operations Thread 9" [_thread_blocked, id=12408, stack(0x000000e52fe00000,0x000000e52ff00000)]
  0x000002c712555800 JavaThread "Unconstrained build operations Thread 10" [_thread_blocked, id=12036, stack(0x000000e52ff00000,0x000000e530000000)]
  0x000002c715732800 JavaThread "Unconstrained build operations Thread 11" [_thread_blocked, id=12764, stack(0x000000e530000000,0x000000e530100000)]
  0x000002c715730000 JavaThread "Unconstrained build operations Thread 12" [_thread_blocked, id=656, stack(0x000000e530100000,0x000000e530200000)]
  0x000002c715730800 JavaThread "Unconstrained build operations Thread 13" [_thread_blocked, id=7068, stack(0x000000e530200000,0x000000e530300000)]
  0x000002c715731800 JavaThread "Unconstrained build operations Thread 14" [_thread_blocked, id=7640, stack(0x000000e530300000,0x000000e530400000)]
  0x000002c71572f000 JavaThread "Unconstrained build operations Thread 15" [_thread_blocked, id=3296, stack(0x000000e530400000,0x000000e530500000)]
  0x000002c71572e800 JavaThread "Unconstrained build operations Thread 16" [_thread_blocked, id=6484, stack(0x000000e530500000,0x000000e530600000)]
  0x000002c715736800 JavaThread "Unconstrained build operations Thread 17" [_thread_blocked, id=3032, stack(0x000000e530600000,0x000000e530700000)]
  0x000002c715738000 JavaThread "Unconstrained build operations Thread 18" [_thread_blocked, id=3040, stack(0x000000e530700000,0x000000e530800000)]
  0x000002c715737800 JavaThread "Unconstrained build operations Thread 19" [_thread_blocked, id=5472, stack(0x000000e530800000,0x000000e530900000)]
  0x000002c715739000 JavaThread "Unconstrained build operations Thread 20" [_thread_blocked, id=4380, stack(0x000000e530900000,0x000000e530a00000)]
  0x000002c715734000 JavaThread "Unconstrained build operations Thread 21" [_thread_blocked, id=6000, stack(0x000000e530a00000,0x000000e530b00000)]
  0x000002c715733000 JavaThread "Unconstrained build operations Thread 22" [_thread_blocked, id=10572, stack(0x000000e530b00000,0x000000e530c00000)]
  0x000002c715735800 JavaThread "Unconstrained build operations Thread 23" [_thread_blocked, id=1008, stack(0x000000e530c00000,0x000000e530d00000)]
  0x000002c715739800 JavaThread "Unconstrained build operations Thread 24" [_thread_blocked, id=3416, stack(0x000000e530d00000,0x000000e530e00000)]
  0x000002c71573a800 JavaThread "Unconstrained build operations Thread 25" [_thread_blocked, id=12936, stack(0x000000e530e00000,0x000000e530f00000)]
  0x000002c715735000 JavaThread "Unconstrained build operations Thread 26" [_thread_blocked, id=8788, stack(0x000000e530f00000,0x000000e531000000)]
  0x000002c71573b800 JavaThread "Unconstrained build operations Thread 27" [_thread_blocked, id=8888, stack(0x000000e531000000,0x000000e531100000)]
  0x000002c71573d000 JavaThread "Unconstrained build operations Thread 28" [_thread_blocked, id=11012, stack(0x000000e531100000,0x000000e531200000)]
  0x000002c71573c000 JavaThread "Unconstrained build operations Thread 29" [_thread_blocked, id=13228, stack(0x000000e531200000,0x000000e531300000)]
  0x000002c715c43800 JavaThread "Unconstrained build operations Thread 30" [_thread_blocked, id=5540, stack(0x000000e531300000,0x000000e531400000)]
  0x000002c715c3e800 JavaThread "Unconstrained build operations Thread 31" [_thread_blocked, id=5412, stack(0x000000e531400000,0x000000e531500000)]
  0x000002c715c3e000 JavaThread "Unconstrained build operations Thread 32" [_thread_blocked, id=12816, stack(0x000000e531500000,0x000000e531600000)]
  0x000002c715c44800 JavaThread "Unconstrained build operations Thread 33" [_thread_blocked, id=2176, stack(0x000000e531600000,0x000000e531700000)]
  0x000002c715c42800 JavaThread "Unconstrained build operations Thread 34" [_thread_blocked, id=10764, stack(0x000000e531700000,0x000000e531800000)]
  0x000002c715c45000 JavaThread "Unconstrained build operations Thread 35" [_thread_blocked, id=9260, stack(0x000000e531800000,0x000000e531900000)]
  0x000002c715c42000 JavaThread "Unconstrained build operations Thread 36" [_thread_blocked, id=6332, stack(0x000000e531900000,0x000000e531a00000)]
  0x000002c715c3f800 JavaThread "Unconstrained build operations Thread 37" [_thread_blocked, id=1044, stack(0x000000e531a00000,0x000000e531b00000)]
  0x000002c715c46000 JavaThread "Unconstrained build operations Thread 38" [_thread_blocked, id=2004, stack(0x000000e531b00000,0x000000e531c00000)]
  0x000002c715c40000 JavaThread "Unconstrained build operations Thread 39" [_thread_blocked, id=5692, stack(0x000000e531c00000,0x000000e531d00000)]
  0x000002c715c47000 JavaThread "Unconstrained build operations Thread 40" [_thread_blocked, id=3456, stack(0x000000e531d00000,0x000000e531e00000)]
  0x000002c715c41000 JavaThread "Memory manager" [_thread_blocked, id=7636, stack(0x000000e531e00000,0x000000e531f00000)]
  0x000002c715c47800 JavaThread "Cache worker for kotlin-dsl (C:\Users\user\.gradle\caches\7.5\kotlin-dsl)" [_thread_blocked, id=2640, stack(0x000000e52c600000,0x000000e52c700000)]
  0x000002c71bbb3800 JavaThread "C2 CompilerThread1" daemon [_thread_in_native, id=10336, stack(0x000000e52c400000,0x000000e52c500000)]

Other Threads:
  0x000002c77f527000 VMThread "VM Thread" [stack: 0x000000e52cd00000,0x000000e52ce00000] [id=5224]
  0x000002c7111af800 WatcherThread [stack: 0x000000e52d700000,0x000000e52d800000] [id=13960]
  0x000002c777c46800 GCTaskThread "GC Thread#0" [stack: 0x000000e52c800000,0x000000e52c900000] [id=3044]
  0x000002c7113f9000 GCTaskThread "GC Thread#1" [stack: 0x000000e52d900000,0x000000e52da00000] [id=11892]
  0x000002c7111b8800 GCTaskThread "GC Thread#2" [stack: 0x000000e52da00000,0x000000e52db00000] [id=5200]
  0x000002c713334800 GCTaskThread "GC Thread#3" [stack: 0x000000e52dc00000,0x000000e52dd00000] [id=6920]
  0x000002c777c6b800 ConcurrentGCThread "G1 Main Marker" [stack: 0x000000e52c900000,0x000000e52ca00000] [id=4980]
  0x000002c777c6d000 ConcurrentGCThread "G1 Conc#0" [stack: 0x000000e52ca00000,0x000000e52cb00000] [id=13220]
  0x000002c777cfb000 ConcurrentGCThread "G1 Refine#0" [stack: 0x000000e52cb00000,0x000000e52cc00000] [id=11692]
  0x000002c777cfc000 ConcurrentGCThread "G1 Young RemSet Sampling" [stack: 0x000000e52cc00000,0x000000e52cd00000] [id=5716]

Threads with active compile tasks:
C2 CompilerThread0 106621 13096       4       org.gradle.internal.component.external.model.ImmutableCapability::<init> (58 bytes)
C2 CompilerThread1 106621 13183       4       java.lang.reflect.Method::invoke (65 bytes)

VM state:not at safepoint (normal execution)

VM Mutex/Monitor currently owned by a thread: None

Heap address: 0x00000000a0000000, size: 1536 MB, Compressed Oops mode: 32-bit
Narrow klass base: 0x0000000000000000, Narrow klass shift: 3
Compressed class space size: 1073741824 Address: 0x0000000100000000

Heap:
 garbage-first heap   total 353280K, used 181200K [0x00000000a0000000, 0x0000000100000000)
  region size 1024K, 11 young (11264K), 3 survivors (3072K)
 Metaspace       used 93884K, capacity 98952K, committed 99152K, reserved 1134592K
  class space    used 12267K, capacity 13791K, committed 13824K, reserved 1048576K
Heap Regions: E=young(eden), S=young(survivor), O=old, HS=humongous(starts), HC=humongous(continues), CS=collection set, F=free, A=archive, TAMS=top-at-mark-start (previous, next)
|   0|0x00000000a0000000, 0x00000000a0100000, 0x00000000a0100000|100%|HS|  |TAMS 0x00000000a0100000, 0x00000000a0100000| Complete 
|   1|0x00000000a0100000, 0x00000000a0200000, 0x00000000a0200000|100%|HC|  |TAMS 0x00000000a0200000, 0x00000000a0200000| Complete 
|   2|0x00000000a0200000, 0x00000000a0300000, 0x00000000a0300000|100%|HC|  |TAMS 0x00000000a0300000, 0x00000000a0300000| Complete 
|   3|0x00000000a0300000, 0x00000000a0400000, 0x00000000a0400000|100%| O|  |TAMS 0x00000000a0400000, 0x00000000a0400000| Untracked 
|   4|0x00000000a0400000, 0x00000000a0500000, 0x00000000a0500000|100%| O|  |TAMS 0x00000000a0500000, 0x00000000a0500000| Untracked 
|   5|0x00000000a0500000, 0x00000000a0600000, 0x00000000a0600000|100%| O|  |TAMS 0x00000000a0600000, 0x00000000a0600000| Untracked 
|   6|0x00000000a0600000, 0x00000000a0700000, 0x00000000a0700000|100%| O|  |TAMS 0x00000000a0700000, 0x00000000a0700000| Untracked 
|   7|0x00000000a0700000, 0x00000000a0800000, 0x00000000a0800000|100%| O|  |TAMS 0x00000000a0800000, 0x00000000a0800000| Untracked 
|   8|0x00000000a0800000, 0x00000000a0900000, 0x00000000a0900000|100%| O|  |TAMS 0x00000000a0900000, 0x00000000a0900000| Untracked 
|   9|0x00000000a0900000, 0x00000000a0a00000, 0x00000000a0a00000|100%| O|  |TAMS 0x00000000a0a00000, 0x00000000a0a00000| Untracked 
|  10|0x00000000a0a00000, 0x00000000a0b00000, 0x00000000a0b00000|100%| O|  |TAMS 0x00000000a0b00000, 0x00000000a0b00000| Untracked 
|  11|0x00000000a0b00000, 0x00000000a0c00000, 0x00000000a0c00000|100%| O|  |TAMS 0x00000000a0c00000, 0x00000000a0c00000| Untracked 
|  12|0x00000000a0c00000, 0x00000000a0d00000, 0x00000000a0d00000|100%| O|  |TAMS 0x00000000a0d00000, 0x00000000a0d00000| Untracked 
|  13|0x00000000a0d00000, 0x00000000a0e00000, 0x00000000a0e00000|100%| O|  |TAMS 0x00000000a0e00000, 0x00000000a0e00000| Untracked 
|  14|0x00000000a0e00000, 0x00000000a0f00000, 0x00000000a0f00000|100%| O|  |TAMS 0x00000000a0f00000, 0x00000000a0f00000| Untracked 
|  15|0x00000000a0f00000, 0x00000000a1000000, 0x00000000a1000000|100%| O|  |TAMS 0x00000000a1000000, 0x00000000a1000000| Untracked 
|  16|0x00000000a1000000, 0x00000000a1100000, 0x00000000a1100000|100%|HS|  |TAMS 0x00000000a1100000, 0x00000000a1100000| Complete 
|  17|0x00000000a1100000, 0x00000000a1200000, 0x00000000a1200000|100%| O|  |TAMS 0x00000000a1200000, 0x00000000a1200000| Untracked 
|  18|0x00000000a1200000, 0x00000000a1300000, 0x00000000a1300000|100%| O|  |TAMS 0x00000000a1300000, 0x00000000a1300000| Untracked 
|  19|0x00000000a1300000, 0x00000000a1400000, 0x00000000a1400000|100%| O|  |TAMS 0x00000000a1400000, 0x00000000a1400000| Untracked 
|  20|0x00000000a1400000, 0x00000000a1500000, 0x00000000a1500000|100%| O|  |TAMS 0x00000000a1500000, 0x00000000a1500000| Untracked 
|  21|0x00000000a1500000, 0x00000000a1600000, 0x00000000a1600000|100%| O|  |TAMS 0x00000000a1600000, 0x00000000a1600000| Untracked 
|  22|0x00000000a1600000, 0x00000000a1700000, 0x00000000a1700000|100%| O|  |TAMS 0x00000000a1700000, 0x00000000a1700000| Untracked 
|  23|0x00000000a1700000, 0x00000000a1800000, 0x00000000a1800000|100%| O|  |TAMS 0x00000000a1800000, 0x00000000a1800000| Untracked 
|  24|0x00000000a1800000, 0x00000000a1900000, 0x00000000a1900000|100%| O|  |TAMS 0x00000000a1900000, 0x00000000a1900000| Untracked 
|  25|0x00000000a1900000, 0x00000000a1a00000, 0x00000000a1a00000|100%| O|  |TAMS 0x00000000a1a00000, 0x00000000a1a00000| Untracked 
|  26|0x00000000a1a00000, 0x00000000a1b00000, 0x00000000a1b00000|100%| O|  |TAMS 0x00000000a1b00000, 0x00000000a1b00000| Untracked 
|  27|0x00000000a1b00000, 0x00000000a1c00000, 0x00000000a1c00000|100%|HS|  |TAMS 0x00000000a1c00000, 0x00000000a1c00000| Complete 
|  28|0x00000000a1c00000, 0x00000000a1d00000, 0x00000000a1d00000|100%|HS|  |TAMS 0x00000000a1d00000, 0x00000000a1d00000| Complete 
|  29|0x00000000a1d00000, 0x00000000a1e00000, 0x00000000a1e00000|100%|HS|  |TAMS 0x00000000a1e00000, 0x00000000a1e00000| Complete 
|  30|0x00000000a1e00000, 0x00000000a1f00000, 0x00000000a1f00000|100%|HC|  |TAMS 0x00000000a1f00000, 0x00000000a1f00000| Complete 
|  31|0x00000000a1f00000, 0x00000000a2000000, 0x00000000a2000000|100%|HC|  |TAMS 0x00000000a2000000, 0x00000000a2000000| Complete 
|  32|0x00000000a2000000, 0x00000000a2100000, 0x00000000a2100000|100%|HS|  |TAMS 0x00000000a2100000, 0x00000000a2100000| Complete 
|  33|0x00000000a2100000, 0x00000000a2200000, 0x00000000a2200000|100%|HC|  |TAMS 0x00000000a2200000, 0x00000000a2200000| Complete 
|  34|0x00000000a2200000, 0x00000000a2300000, 0x00000000a2300000|100%| O|  |TAMS 0x00000000a2300000, 0x00000000a2300000| Untracked 
|  35|0x00000000a2300000, 0x00000000a2400000, 0x00000000a2400000|100%| O|  |TAMS 0x00000000a2400000, 0x00000000a2400000| Untracked 
|  36|0x00000000a2400000, 0x00000000a2500000, 0x00000000a2500000|100%| O|  |TAMS 0x00000000a2500000, 0x00000000a2500000| Untracked 
|  37|0x00000000a2500000, 0x00000000a2600000, 0x00000000a2600000|100%| O|  |TAMS 0x00000000a2600000, 0x00000000a2600000| Untracked 
|  38|0x00000000a2600000, 0x00000000a2700000, 0x00000000a2700000|100%| O|  |TAMS 0x00000000a2700000, 0x00000000a2700000| Untracked 
|  39|0x00000000a2700000, 0x00000000a2800000, 0x00000000a2800000|100%| O|  |TAMS 0x00000000a2800000, 0x00000000a2800000| Untracked 
|  40|0x00000000a2800000, 0x00000000a2900000, 0x00000000a2900000|100%| O|  |TAMS 0x00000000a2900000, 0x00000000a2900000| Untracked 
|  41|0x00000000a2900000, 0x00000000a2a00000, 0x00000000a2a00000|100%| O|  |TAMS 0x00000000a2a00000, 0x00000000a2a00000| Untracked 
|  42|0x00000000a2a00000, 0x00000000a2b00000, 0x00000000a2b00000|100%| O|  |TAMS 0x00000000a2b00000, 0x00000000a2b00000| Untracked 
|  43|0x00000000a2b00000, 0x00000000a2c00000, 0x00000000a2c00000|100%| O|  |TAMS 0x00000000a2c00000, 0x00000000a2c00000| Untracked 
|  44|0x00000000a2c00000, 0x00000000a2d00000, 0x00000000a2d00000|100%| O|  |TAMS 0x00000000a2d00000, 0x00000000a2d00000| Untracked 
|  45|0x00000000a2d00000, 0x00000000a2e00000, 0x00000000a2e00000|100%| O|  |TAMS 0x00000000a2e00000, 0x00000000a2e00000| Untracked 
|  46|0x00000000a2e00000, 0x00000000a2f00000, 0x00000000a2f00000|100%| O|  |TAMS 0x00000000a2f00000, 0x00000000a2f00000| Untracked 
|  47|0x00000000a2f00000, 0x00000000a3000000, 0x00000000a3000000|100%| O|  |TAMS 0x00000000a3000000, 0x00000000a3000000| Untracked 
|  48|0x00000000a3000000, 0x00000000a3100000, 0x00000000a3100000|100%| O|  |TAMS 0x00000000a3100000, 0x00000000a3100000| Untracked 
|  49|0x00000000a3100000, 0x00000000a3200000, 0x00000000a3200000|100%|HS|  |TAMS 0x00000000a3200000, 0x00000000a3200000| Complete 
|  50|0x00000000a3200000, 0x00000000a3300000, 0x00000000a3300000|100%| O|  |TAMS 0x00000000a3300000, 0x00000000a3300000| Untracked 
|  51|0x00000000a3300000, 0x00000000a3400000, 0x00000000a3400000|100%| O|  |TAMS 0x00000000a3400000, 0x00000000a3400000| Untracked 
|  52|0x00000000a3400000, 0x00000000a3500000, 0x00000000a3500000|100%| O|  |TAMS 0x00000000a3500000, 0x00000000a3500000| Untracked 
|  53|0x00000000a3500000, 0x00000000a3600000, 0x00000000a3600000|100%| O|  |TAMS 0x00000000a3600000, 0x00000000a3600000| Untracked 
|  54|0x00000000a3600000, 0x00000000a3700000, 0x00000000a3700000|100%| O|  |TAMS 0x00000000a3700000, 0x00000000a3700000| Untracked 
|  55|0x00000000a3700000, 0x00000000a3800000, 0x00000000a3800000|100%|HS|  |TAMS 0x00000000a3800000, 0x00000000a3800000| Complete 
|  56|0x00000000a3800000, 0x00000000a3900000, 0x00000000a3900000|100%| O|  |TAMS 0x00000000a3900000, 0x00000000a3900000| Untracked 
|  57|0x00000000a3900000, 0x00000000a3a00000, 0x00000000a3a00000|100%| O|  |TAMS 0x00000000a3a00000, 0x00000000a3a00000| Untracked 
|  58|0x00000000a3a00000, 0x00000000a3b00000, 0x00000000a3b00000|100%| O|  |TAMS 0x00000000a3b00000, 0x00000000a3b00000| Untracked 
|  59|0x00000000a3b00000, 0x00000000a3c00000, 0x00000000a3c00000|100%| O|  |TAMS 0x00000000a3c00000, 0x00000000a3c00000| Untracked 
|  60|0x00000000a3c00000, 0x00000000a3d00000, 0x00000000a3d00000|100%| O|  |TAMS 0x00000000a3d00000, 0x00000000a3d00000| Untracked 
|  61|0x00000000a3d00000, 0x00000000a3e00000, 0x00000000a3e00000|100%| O|  |TAMS 0x00000000a3e00000, 0x00000000a3e00000| Untracked 
|  62|0x00000000a3e00000, 0x00000000a3f00000, 0x00000000a3f00000|100%| O|  |TAMS 0x00000000a3f00000, 0x00000000a3f00000| Untracked 
|  63|0x00000000a3f00000, 0x00000000a4000000, 0x00000000a4000000|100%| O|  |TAMS 0x00000000a4000000, 0x00000000a4000000| Untracked 
|  64|0x00000000a4000000, 0x00000000a4100000, 0x00000000a4100000|100%| O|  |TAMS 0x00000000a4100000, 0x00000000a4100000| Untracked 
|  65|0x00000000a4100000, 0x00000000a4200000, 0x00000000a4200000|100%| O|  |TAMS 0x00000000a4200000, 0x00000000a4200000| Untracked 
|  66|0x00000000a4200000, 0x00000000a4300000, 0x00000000a4300000|100%| O|  |TAMS 0x00000000a4300000, 0x00000000a4300000| Untracked 
|  67|0x00000000a4300000, 0x00000000a4400000, 0x00000000a4400000|100%| O|  |TAMS 0x00000000a4400000, 0x00000000a4400000| Untracked 
|  68|0x00000000a4400000, 0x00000000a4500000, 0x00000000a4500000|100%| O|  |TAMS 0x00000000a4500000, 0x00000000a4500000| Untracked 
|  69|0x00000000a4500000, 0x00000000a4600000, 0x00000000a4600000|100%| O|  |TAMS 0x00000000a4600000, 0x00000000a4600000| Untracked 
|  70|0x00000000a4600000, 0x00000000a4700000, 0x00000000a4700000|100%| O|  |TAMS 0x00000000a4700000, 0x00000000a4700000| Untracked 
|  71|0x00000000a4700000, 0x00000000a4800000, 0x00000000a4800000|100%| O|  |TAMS 0x00000000a4800000, 0x00000000a4800000| Untracked 
|  72|0x00000000a4800000, 0x00000000a4900000, 0x00000000a4900000|100%| O|  |TAMS 0x00000000a4900000, 0x00000000a4900000| Untracked 
|  73|0x00000000a4900000, 0x00000000a4a00000, 0x00000000a4a00000|100%| O|  |TAMS 0x00000000a4a00000, 0x00000000a4a00000| Untracked 
|  74|0x00000000a4a00000, 0x00000000a4b00000, 0x00000000a4b00000|100%| O|  |TAMS 0x00000000a4b00000, 0x00000000a4b00000| Untracked 
|  75|0x00000000a4b00000, 0x00000000a4c00000, 0x00000000a4c00000|100%| O|  |TAMS 0x00000000a4c00000, 0x00000000a4c00000| Untracked 
|  76|0x00000000a4c00000, 0x00000000a4d00000, 0x00000000a4d00000|100%| O|  |TAMS 0x00000000a4d00000, 0x00000000a4d00000| Untracked 
|  77|0x00000000a4d00000, 0x00000000a4e00000, 0x00000000a4e00000|100%| O|  |TAMS 0x00000000a4e00000, 0x00000000a4e00000| Untracked 
|  78|0x00000000a4e00000, 0x00000000a4f00000, 0x00000000a4f00000|100%| O|  |TAMS 0x00000000a4f00000, 0x00000000a4f00000| Untracked 
|  79|0x00000000a4f00000, 0x00000000a5000000, 0x00000000a5000000|100%| O|  |TAMS 0x00000000a5000000, 0x00000000a5000000| Untracked 
|  80|0x00000000a5000000, 0x00000000a5100000, 0x00000000a5100000|100%|HS|  |TAMS 0x00000000a5100000, 0x00000000a5100000| Complete 
|  81|0x00000000a5100000, 0x00000000a5200000, 0x00000000a5200000|100%|HC|  |TAMS 0x00000000a5200000, 0x00000000a5200000| Complete 
|  82|0x00000000a5200000, 0x00000000a5300000, 0x00000000a5300000|100%| O|  |TAMS 0x00000000a5300000, 0x00000000a5300000| Untracked 
|  83|0x00000000a5300000, 0x00000000a5400000, 0x00000000a5400000|100%| O|  |TAMS 0x00000000a5400000, 0x00000000a5400000| Untracked 
|  84|0x00000000a5400000, 0x00000000a5500000, 0x00000000a5500000|100%| O|  |TAMS 0x00000000a5500000, 0x00000000a5500000| Untracked 
|  85|0x00000000a5500000, 0x00000000a5600000, 0x00000000a5600000|100%| O|  |TAMS 0x00000000a5600000, 0x00000000a5600000| Untracked 
|  86|0x00000000a5600000, 0x00000000a5700000, 0x00000000a5700000|100%| O|  |TAMS 0x00000000a5700000, 0x00000000a5700000| Untracked 
|  87|0x00000000a5700000, 0x00000000a5800000, 0x00000000a5800000|100%| O|  |TAMS 0x00000000a5800000, 0x00000000a5800000| Untracked 
|  88|0x00000000a5800000, 0x00000000a5900000, 0x00000000a5900000|100%| O|  |TAMS 0x00000000a5900000, 0x00000000a5900000| Untracked 
|  89|0x00000000a5900000, 0x00000000a5a00000, 0x00000000a5a00000|100%| O|  |TAMS 0x00000000a5a00000, 0x00000000a5a00000| Untracked 
|  90|0x00000000a5a00000, 0x00000000a5b00000, 0x00000000a5b00000|100%| O|  |TAMS 0x00000000a5b00000, 0x00000000a5b00000| Untracked 
|  91|0x00000000a5b00000, 0x00000000a5c00000, 0x00000000a5c00000|100%|HS|  |TAMS 0x00000000a5c00000, 0x00000000a5c00000| Complete 
|  92|0x00000000a5c00000, 0x00000000a5d00000, 0x00000000a5d00000|100%|HS|  |TAMS 0x00000000a5d00000, 0x00000000a5d00000| Complete 
|  93|0x00000000a5d00000, 0x00000000a5e00000, 0x00000000a5e00000|100%| O|  |TAMS 0x00000000a5e00000, 0x00000000a5e00000| Untracked 
|  94|0x00000000a5e00000, 0x00000000a5f00000, 0x00000000a5f00000|100%| O|  |TAMS 0x00000000a5f00000, 0x00000000a5f00000| Untracked 
|  95|0x00000000a5f00000, 0x00000000a6000000, 0x00000000a6000000|100%| O|  |TAMS 0x00000000a6000000, 0x00000000a6000000| Untracked 
|  96|0x00000000a6000000, 0x00000000a6100000, 0x00000000a6100000|100%| O|  |TAMS 0x00000000a6100000, 0x00000000a6100000| Untracked 
|  97|0x00000000a6100000, 0x00000000a6200000, 0x00000000a6200000|100%| O|  |TAMS 0x00000000a6200000, 0x00000000a6200000| Untracked 
|  98|0x00000000a6200000, 0x00000000a6300000, 0x00000000a6300000|100%| O|  |TAMS 0x00000000a6300000, 0x00000000a6300000| Untracked 
|  99|0x00000000a6300000, 0x00000000a6400000, 0x00000000a6400000|100%| O|  |TAMS 0x00000000a6400000, 0x00000000a6400000| Untracked 
| 100|0x00000000a6400000, 0x00000000a6500000, 0x00000000a6500000|100%| O|  |TAMS 0x00000000a6500000, 0x00000000a6500000| Untracked 
| 101|0x00000000a6500000, 0x00000000a6600000, 0x00000000a6600000|100%| O|  |TAMS 0x00000000a6600000, 0x00000000a6600000| Untracked 
| 102|0x00000000a6600000, 0x00000000a6700000, 0x00000000a6700000|100%| O|  |TAMS 0x00000000a6700000, 0x00000000a6700000| Untracked 
| 103|0x00000000a6700000, 0x00000000a6800000, 0x00000000a6800000|100%| O|  |TAMS 0x00000000a6800000, 0x00000000a6800000| Untracked 
| 104|0x00000000a6800000, 0x00000000a6900000, 0x00000000a6900000|100%| O|  |TAMS 0x00000000a6900000, 0x00000000a6900000| Untracked 
| 105|0x00000000a6900000, 0x00000000a6a00000, 0x00000000a6a00000|100%|HS|  |TAMS 0x00000000a6a00000, 0x00000000a6a00000| Complete 
| 106|0x00000000a6a00000, 0x00000000a6b00000, 0x00000000a6b00000|100%| O|  |TAMS 0x00000000a6b00000, 0x00000000a6b00000| Untracked 
| 107|0x00000000a6b00000, 0x00000000a6c00000, 0x00000000a6c00000|100%| O|  |TAMS 0x00000000a6c00000, 0x00000000a6c00000| Untracked 
| 108|0x00000000a6c00000, 0x00000000a6d00000, 0x00000000a6d00000|100%| O|  |TAMS 0x00000000a6d00000, 0x00000000a6d00000| Untracked 
| 109|0x00000000a6d00000, 0x00000000a6e00000, 0x00000000a6e00000|100%| O|  |TAMS 0x00000000a6e00000, 0x00000000a6e00000| Untracked 
| 110|0x00000000a6e00000, 0x00000000a6f00000, 0x00000000a6f00000|100%| O|  |TAMS 0x00000000a6f00000, 0x00000000a6f00000| Untracked 
| 111|0x00000000a6f00000, 0x00000000a7000000, 0x00000000a7000000|100%| O|  |TAMS 0x00000000a7000000, 0x00000000a7000000| Untracked 
| 112|0x00000000a7000000, 0x00000000a7100000, 0x00000000a7100000|100%| O|  |TAMS 0x00000000a7100000, 0x00000000a7100000| Untracked 
| 113|0x00000000a7100000, 0x00000000a7200000, 0x00000000a7200000|100%| O|  |TAMS 0x00000000a7200000, 0x00000000a7200000| Untracked 
| 114|0x00000000a7200000, 0x00000000a7300000, 0x00000000a7300000|100%| O|  |TAMS 0x00000000a7300000, 0x00000000a7300000| Untracked 
| 115|0x00000000a7300000, 0x00000000a7400000, 0x00000000a7400000|100%| O|  |TAMS 0x00000000a7400000, 0x00000000a7400000| Untracked 
| 116|0x00000000a7400000, 0x00000000a7500000, 0x00000000a7500000|100%| O|  |TAMS 0x00000000a7500000, 0x00000000a7500000| Untracked 
| 117|0x00000000a7500000, 0x00000000a7600000, 0x00000000a7600000|100%| O|  |TAMS 0x00000000a7600000, 0x00000000a7600000| Untracked 
| 118|0x00000000a7600000, 0x00000000a7700000, 0x00000000a7700000|100%| O|  |TAMS 0x00000000a7700000, 0x00000000a7700000| Untracked 
| 119|0x00000000a7700000, 0x00000000a7800000, 0x00000000a7800000|100%| O|  |TAMS 0x00000000a7800000, 0x00000000a7800000| Untracked 
| 120|0x00000000a7800000, 0x00000000a7900000, 0x00000000a7900000|100%| O|  |TAMS 0x00000000a7900000, 0x00000000a7900000| Untracked 
| 121|0x00000000a7900000, 0x00000000a7a00000, 0x00000000a7a00000|100%| O|  |TAMS 0x00000000a7a00000, 0x00000000a7a00000| Untracked 
| 122|0x00000000a7a00000, 0x00000000a7b00000, 0x00000000a7b00000|100%| O|  |TAMS 0x00000000a7b00000, 0x00000000a7b00000| Untracked 
| 123|0x00000000a7b00000, 0x00000000a7c00000, 0x00000000a7c00000|100%| O|  |TAMS 0x00000000a7c00000, 0x00000000a7c00000| Untracked 
| 124|0x00000000a7c00000, 0x00000000a7d00000, 0x00000000a7d00000|100%| O|  |TAMS 0x00000000a7d00000, 0x00000000a7d00000| Untracked 
| 125|0x00000000a7d00000, 0x00000000a7e00000, 0x00000000a7e00000|100%| O|  |TAMS 0x00000000a7e00000, 0x00000000a7e00000| Untracked 
| 126|0x00000000a7e00000, 0x00000000a7f00000, 0x00000000a7f00000|100%| O|  |TAMS 0x00000000a7f00000, 0x00000000a7f00000| Untracked 
| 127|0x00000000a7f00000, 0x00000000a8000000, 0x00000000a8000000|100%| O|  |TAMS 0x00000000a8000000, 0x00000000a8000000| Untracked 
| 128|0x00000000a8000000, 0x00000000a8100000, 0x00000000a8100000|100%| O|  |TAMS 0x00000000a8100000, 0x00000000a8100000| Untracked 
| 129|0x00000000a8100000, 0x00000000a8200000, 0x00000000a8200000|100%| O|  |TAMS 0x00000000a8200000, 0x00000000a8200000| Untracked 
| 130|0x00000000a8200000, 0x00000000a8300000, 0x00000000a8300000|100%| O|  |TAMS 0x00000000a8300000, 0x00000000a8300000| Untracked 
| 131|0x00000000a8300000, 0x00000000a8400000, 0x00000000a8400000|100%| O|  |TAMS 0x00000000a8400000, 0x00000000a8400000| Untracked 
| 132|0x00000000a8400000, 0x00000000a8500000, 0x00000000a8500000|100%| O|  |TAMS 0x00000000a8500000, 0x00000000a8500000| Untracked 
| 133|0x00000000a8500000, 0x00000000a8600000, 0x00000000a8600000|100%| O|  |TAMS 0x00000000a8600000, 0x00000000a8600000| Untracked 
| 134|0x00000000a8600000, 0x00000000a8700000, 0x00000000a8700000|100%| O|  |TAMS 0x00000000a8700000, 0x00000000a8700000| Untracked 
| 135|0x00000000a8700000, 0x00000000a8800000, 0x00000000a8800000|100%| O|  |TAMS 0x00000000a8800000, 0x00000000a8800000| Untracked 
| 136|0x00000000a8800000, 0x00000000a8900000, 0x00000000a8900000|100%| O|  |TAMS 0x00000000a8900000, 0x00000000a8900000| Untracked 
| 137|0x00000000a8900000, 0x00000000a8a00000, 0x00000000a8a00000|100%| O|  |TAMS 0x00000000a8a00000, 0x00000000a8a00000| Untracked 
| 138|0x00000000a8a00000, 0x00000000a8b00000, 0x00000000a8b00000|100%| O|  |TAMS 0x00000000a8b00000, 0x00000000a8b00000| Untracked 
| 139|0x00000000a8b00000, 0x00000000a8c00000, 0x00000000a8c00000|100%| O|  |TAMS 0x00000000a8b97600, 0x00000000a8c00000| Untracked 
| 140|0x00000000a8c00000, 0x00000000a8d00000, 0x00000000a8d00000|100%| O|  |TAMS 0x00000000a8c00000, 0x00000000a8d00000| Untracked 
| 141|0x00000000a8d00000, 0x00000000a8e00000, 0x00000000a8e00000|100%| O|  |TAMS 0x00000000a8d00000, 0x00000000a8e00000| Untracked 
| 142|0x00000000a8e00000, 0x00000000a8f00000, 0x00000000a8f00000|100%| O|  |TAMS 0x00000000a8e00000, 0x00000000a8f00000| Untracked 
| 143|0x00000000a8f00000, 0x00000000a9000000, 0x00000000a9000000|100%| O|  |TAMS 0x00000000a8f00000, 0x00000000a9000000| Untracked 
| 144|0x00000000a9000000, 0x00000000a9100000, 0x00000000a9100000|100%| O|  |TAMS 0x00000000a9000000, 0x00000000a9100000| Untracked 
| 145|0x00000000a9100000, 0x00000000a9200000, 0x00000000a9200000|100%| O|  |TAMS 0x00000000a9100000, 0x00000000a9200000| Untracked 
| 146|0x00000000a9200000, 0x00000000a9300000, 0x00000000a9300000|100%| O|  |TAMS 0x00000000a9200000, 0x00000000a9300000| Untracked 
| 147|0x00000000a9300000, 0x00000000a9400000, 0x00000000a9400000|100%| O|  |TAMS 0x00000000a9300000, 0x00000000a9400000| Untracked 
| 148|0x00000000a9400000, 0x00000000a9500000, 0x00000000a9500000|100%| O|  |TAMS 0x00000000a9400000, 0x00000000a9500000| Untracked 
| 149|0x00000000a9500000, 0x00000000a9600000, 0x00000000a9600000|100%| O|  |TAMS 0x00000000a9500000, 0x00000000a9600000| Untracked 
| 150|0x00000000a9600000, 0x00000000a9700000, 0x00000000a9700000|100%| O|  |TAMS 0x00000000a9600000, 0x00000000a9700000| Untracked 
| 151|0x00000000a9700000, 0x00000000a9800000, 0x00000000a9800000|100%| O|  |TAMS 0x00000000a9700000, 0x00000000a9800000| Untracked 
| 152|0x00000000a9800000, 0x00000000a9900000, 0x00000000a9900000|100%| O|  |TAMS 0x00000000a9800000, 0x00000000a9900000| Untracked 
| 153|0x00000000a9900000, 0x00000000a9a00000, 0x00000000a9a00000|100%| O|  |TAMS 0x00000000a9900000, 0x00000000a9a00000| Untracked 
| 154|0x00000000a9a00000, 0x00000000a9b00000, 0x00000000a9b00000|100%| O|  |TAMS 0x00000000a9a00000, 0x00000000a9b00000| Untracked 
| 155|0x00000000a9b00000, 0x00000000a9c00000, 0x00000000a9c00000|100%| O|  |TAMS 0x00000000a9b00000, 0x00000000a9c00000| Untracked 
| 156|0x00000000a9c00000, 0x00000000a9d00000, 0x00000000a9d00000|100%| O|  |TAMS 0x00000000a9c00000, 0x00000000a9d00000| Untracked 
| 157|0x00000000a9d00000, 0x00000000a9e00000, 0x00000000a9e00000|100%| O|  |TAMS 0x00000000a9d00000, 0x00000000a9e00000| Untracked 
| 158|0x00000000a9e00000, 0x00000000a9f00000, 0x00000000a9f00000|100%| O|  |TAMS 0x00000000a9e00000, 0x00000000a9f00000| Untracked 
| 159|0x00000000a9f00000, 0x00000000aa000000, 0x00000000aa000000|100%| O|  |TAMS 0x00000000a9f00000, 0x00000000aa000000| Untracked 
| 160|0x00000000aa000000, 0x00000000aa100000, 0x00000000aa100000|100%| O|  |TAMS 0x00000000aa000000, 0x00000000aa100000| Untracked 
| 161|0x00000000aa100000, 0x00000000aa200000, 0x00000000aa200000|100%| O|  |TAMS 0x00000000aa100000, 0x00000000aa200000| Untracked 
| 162|0x00000000aa200000, 0x00000000aa300000, 0x00000000aa300000|100%| O|  |TAMS 0x00000000aa200000, 0x00000000aa300000| Untracked 
| 163|0x00000000aa300000, 0x00000000aa400000, 0x00000000aa400000|100%| O|  |TAMS 0x00000000aa300000, 0x00000000aa400000| Untracked 
| 164|0x00000000aa400000, 0x00000000aa500000, 0x00000000aa500000|100%| O|  |TAMS 0x00000000aa400000, 0x00000000aa500000| Untracked 
| 165|0x00000000aa500000, 0x00000000aa600000, 0x00000000aa600000|100%| O|  |TAMS 0x00000000aa500000, 0x00000000aa600000| Untracked 
| 166|0x00000000aa600000, 0x00000000aa6f4200, 0x00000000aa700000| 95%| O|  |TAMS 0x00000000aa600000, 0x00000000aa6f4200| Untracked 
| 167|0x00000000aa700000, 0x00000000aa700000, 0x00000000aa800000|  0%| F|  |TAMS 0x00000000aa700000, 0x00000000aa700000| Untracked 
| 168|0x00000000aa800000, 0x00000000aa800000, 0x00000000aa900000|  0%| F|  |TAMS 0x00000000aa800000, 0x00000000aa800000| Untracked 
| 169|0x00000000aa900000, 0x00000000aa900000, 0x00000000aaa00000|  0%| F|  |TAMS 0x00000000aa900000, 0x00000000aa900000| Untracked 
| 170|0x00000000aaa00000, 0x00000000aaa00000, 0x00000000aab00000|  0%| F|  |TAMS 0x00000000aaa00000, 0x00000000aaa00000| Untracked 
| 171|0x00000000aab00000, 0x00000000aab00000, 0x00000000aac00000|  0%| F|  |TAMS 0x00000000aab00000, 0x00000000aab00000| Untracked 
| 172|0x00000000aac00000, 0x00000000aac00000, 0x00000000aad00000|  0%| F|  |TAMS 0x00000000aac00000, 0x00000000aac00000| Untracked 
| 173|0x00000000aad00000, 0x00000000aad00000, 0x00000000aae00000|  0%| F|  |TAMS 0x00000000aad00000, 0x00000000aad00000| Untracked 
| 174|0x00000000aae00000, 0x00000000aae00000, 0x00000000aaf00000|  0%| F|  |TAMS 0x00000000aae00000, 0x00000000aae00000| Untracked 
| 175|0x00000000aaf00000, 0x00000000aaf00000, 0x00000000ab000000|  0%| F|  |TAMS 0x00000000aaf00000, 0x00000000aaf00000| Untracked 
| 176|0x00000000ab000000, 0x00000000ab000000, 0x00000000ab100000|  0%| F|  |TAMS 0x00000000ab000000, 0x00000000ab000000| Untracked 
| 177|0x00000000ab100000, 0x00000000ab100000, 0x00000000ab200000|  0%| F|  |TAMS 0x00000000ab100000, 0x00000000ab100000| Untracked 
| 178|0x00000000ab200000, 0x00000000ab200000, 0x00000000ab300000|  0%| F|  |TAMS 0x00000000ab200000, 0x00000000ab200000| Untracked 
| 179|0x00000000ab300000, 0x00000000ab300000, 0x00000000ab400000|  0%| F|  |TAMS 0x00000000ab300000, 0x00000000ab300000| Untracked 
| 180|0x00000000ab400000, 0x00000000ab400000, 0x00000000ab500000|  0%| F|  |TAMS 0x00000000ab400000, 0x00000000ab400000| Untracked 
| 181|0x00000000ab500000, 0x00000000ab500000, 0x00000000ab600000|  0%| F|  |TAMS 0x00000000ab500000, 0x00000000ab500000| Untracked 
| 182|0x00000000ab600000, 0x00000000ab600000, 0x00000000ab700000|  0%| F|  |TAMS 0x00000000ab600000, 0x00000000ab600000| Untracked 
| 183|0x00000000ab700000, 0x00000000ab700000, 0x00000000ab800000|  0%| F|  |TAMS 0x00000000ab700000, 0x00000000ab700000| Untracked 
| 184|0x00000000ab800000, 0x00000000ab800000, 0x00000000ab900000|  0%| F|  |TAMS 0x00000000ab800000, 0x00000000ab800000| Untracked 
| 185|0x00000000ab900000, 0x00000000ab900000, 0x00000000aba00000|  0%| F|  |TAMS 0x00000000ab900000, 0x00000000ab900000| Untracked 
| 186|0x00000000aba00000, 0x00000000aba00000, 0x00000000abb00000|  0%| F|  |TAMS 0x00000000aba00000, 0x00000000aba00000| Untracked 
| 187|0x00000000abb00000, 0x00000000abb00000, 0x00000000abc00000|  0%| F|  |TAMS 0x00000000abb00000, 0x00000000abb00000| Untracked 
| 188|0x00000000abc00000, 0x00000000abc00000, 0x00000000abd00000|  0%| F|  |TAMS 0x00000000abc00000, 0x00000000abc00000| Untracked 
| 189|0x00000000abd00000, 0x00000000abd00000, 0x00000000abe00000|  0%| F|  |TAMS 0x00000000abd00000, 0x00000000abd00000| Untracked 
| 190|0x00000000abe00000, 0x00000000abe00000, 0x00000000abf00000|  0%| F|  |TAMS 0x00000000abe00000, 0x00000000abe00000| Untracked 
| 191|0x00000000abf00000, 0x00000000abf00000, 0x00000000ac000000|  0%| F|  |TAMS 0x00000000abf00000, 0x00000000abf00000| Untracked 
| 192|0x00000000ac000000, 0x00000000ac000000, 0x00000000ac100000|  0%| F|  |TAMS 0x00000000ac000000, 0x00000000ac000000| Untracked 
| 193|0x00000000ac100000, 0x00000000ac100000, 0x00000000ac200000|  0%| F|  |TAMS 0x00000000ac100000, 0x00000000ac100000| Untracked 
| 194|0x00000000ac200000, 0x00000000ac200000, 0x00000000ac300000|  0%| F|  |TAMS 0x00000000ac200000, 0x00000000ac200000| Untracked 
| 195|0x00000000ac300000, 0x00000000ac300000, 0x00000000ac400000|  0%| F|  |TAMS 0x00000000ac300000, 0x00000000ac300000| Untracked 
| 196|0x00000000ac400000, 0x00000000ac400000, 0x00000000ac500000|  0%| F|  |TAMS 0x00000000ac400000, 0x00000000ac400000| Untracked 
| 197|0x00000000ac500000, 0x00000000ac500000, 0x00000000ac600000|  0%| F|  |TAMS 0x00000000ac500000, 0x00000000ac500000| Untracked 
| 198|0x00000000ac600000, 0x00000000ac600000, 0x00000000ac700000|  0%| F|  |TAMS 0x00000000ac600000, 0x00000000ac600000| Untracked 
| 199|0x00000000ac700000, 0x00000000ac700000, 0x00000000ac800000|  0%| F|  |TAMS 0x00000000ac700000, 0x00000000ac700000| Untracked 
| 200|0x00000000ac800000, 0x00000000ac800000, 0x00000000ac900000|  0%| F|  |TAMS 0x00000000ac800000, 0x00000000ac800000| Untracked 
| 201|0x00000000ac900000, 0x00000000ac900000, 0x00000000aca00000|  0%| F|  |TAMS 0x00000000ac900000, 0x00000000ac900000| Untracked 
| 202|0x00000000aca00000, 0x00000000aca00000, 0x00000000acb00000|  0%| F|  |TAMS 0x00000000aca00000, 0x00000000aca00000| Untracked 
| 203|0x00000000acb00000, 0x00000000acb00000, 0x00000000acc00000|  0%| F|  |TAMS 0x00000000acb00000, 0x00000000acb00000| Untracked 
| 204|0x00000000acc00000, 0x00000000acc00000, 0x00000000acd00000|  0%| F|  |TAMS 0x00000000acc00000, 0x00000000acc00000| Untracked 
| 205|0x00000000acd00000, 0x00000000acd00000, 0x00000000ace00000|  0%| F|  |TAMS 0x00000000acd00000, 0x00000000acd00000| Untracked 
| 206|0x00000000ace00000, 0x00000000ace00000, 0x00000000acf00000|  0%| F|  |TAMS 0x00000000ace00000, 0x00000000ace00000| Untracked 
| 207|0x00000000acf00000, 0x00000000acf00000, 0x00000000ad000000|  0%| F|  |TAMS 0x00000000acf00000, 0x00000000acf00000| Untracked 
| 208|0x00000000ad000000, 0x00000000ad000000, 0x00000000ad100000|  0%| F|  |TAMS 0x00000000ad000000, 0x00000000ad000000| Untracked 
| 209|0x00000000ad100000, 0x00000000ad100000, 0x00000000ad200000|  0%| F|  |TAMS 0x00000000ad100000, 0x00000000ad100000| Untracked 
| 210|0x00000000ad200000, 0x00000000ad200000, 0x00000000ad300000|  0%| F|  |TAMS 0x00000000ad200000, 0x00000000ad200000| Untracked 
| 211|0x00000000ad300000, 0x00000000ad300000, 0x00000000ad400000|  0%| F|  |TAMS 0x00000000ad300000, 0x00000000ad300000| Untracked 
| 212|0x00000000ad400000, 0x00000000ad400000, 0x00000000ad500000|  0%| F|  |TAMS 0x00000000ad400000, 0x00000000ad400000| Untracked 
| 213|0x00000000ad500000, 0x00000000ad500000, 0x00000000ad600000|  0%| F|  |TAMS 0x00000000ad500000, 0x00000000ad500000| Untracked 
| 214|0x00000000ad600000, 0x00000000ad600000, 0x00000000ad700000|  0%| F|  |TAMS 0x00000000ad600000, 0x00000000ad600000| Untracked 
| 215|0x00000000ad700000, 0x00000000ad700000, 0x00000000ad800000|  0%| F|  |TAMS 0x00000000ad700000, 0x00000000ad700000| Untracked 
| 216|0x00000000ad800000, 0x00000000ad800000, 0x00000000ad900000|  0%| F|  |TAMS 0x00000000ad800000, 0x00000000ad800000| Untracked 
| 217|0x00000000ad900000, 0x00000000ad900000, 0x00000000ada00000|  0%| F|  |TAMS 0x00000000ad900000, 0x00000000ad900000| Untracked 
| 218|0x00000000ada00000, 0x00000000ada00000, 0x00000000adb00000|  0%| F|  |TAMS 0x00000000ada00000, 0x00000000ada00000| Untracked 
| 219|0x00000000adb00000, 0x00000000adb00000, 0x00000000adc00000|  0%| F|  |TAMS 0x00000000adb00000, 0x00000000adb00000| Untracked 
| 220|0x00000000adc00000, 0x00000000adc00000, 0x00000000add00000|  0%| F|  |TAMS 0x00000000adc00000, 0x00000000adc00000| Untracked 
| 221|0x00000000add00000, 0x00000000add00000, 0x00000000ade00000|  0%| F|  |TAMS 0x00000000add00000, 0x00000000add00000| Untracked 
| 222|0x00000000ade00000, 0x00000000ade00000, 0x00000000adf00000|  0%| F|  |TAMS 0x00000000ade00000, 0x00000000ade00000| Untracked 
| 223|0x00000000adf00000, 0x00000000adf00000, 0x00000000ae000000|  0%| F|  |TAMS 0x00000000adf00000, 0x00000000adf00000| Untracked 
| 224|0x00000000ae000000, 0x00000000ae000000, 0x00000000ae100000|  0%| F|  |TAMS 0x00000000ae000000, 0x00000000ae000000| Untracked 
| 225|0x00000000ae100000, 0x00000000ae100000, 0x00000000ae200000|  0%| F|  |TAMS 0x00000000ae100000, 0x00000000ae100000| Untracked 
| 226|0x00000000ae200000, 0x00000000ae200000, 0x00000000ae300000|  0%| F|  |TAMS 0x00000000ae200000, 0x00000000ae200000| Untracked 
| 227|0x00000000ae300000, 0x00000000ae300000, 0x00000000ae400000|  0%| F|  |TAMS 0x00000000ae300000, 0x00000000ae300000| Untracked 
| 228|0x00000000ae400000, 0x00000000ae400000, 0x00000000ae500000|  0%| F|  |TAMS 0x00000000ae400000, 0x00000000ae400000| Untracked 
| 229|0x00000000ae500000, 0x00000000ae500000, 0x00000000ae600000|  0%| F|  |TAMS 0x00000000ae500000, 0x00000000ae500000| Untracked 
| 230|0x00000000ae600000, 0x00000000ae600000, 0x00000000ae700000|  0%| F|  |TAMS 0x00000000ae600000, 0x00000000ae600000| Untracked 
| 231|0x00000000ae700000, 0x00000000ae700000, 0x00000000ae800000|  0%| F|  |TAMS 0x00000000ae700000, 0x00000000ae700000| Untracked 
| 232|0x00000000ae800000, 0x00000000ae800000, 0x00000000ae900000|  0%| F|  |TAMS 0x00000000ae800000, 0x00000000ae800000| Untracked 
| 233|0x00000000ae900000, 0x00000000ae900000, 0x00000000aea00000|  0%| F|  |TAMS 0x00000000ae900000, 0x00000000ae900000| Untracked 
| 234|0x00000000aea00000, 0x00000000aea00000, 0x00000000aeb00000|  0%| F|  |TAMS 0x00000000aea00000, 0x00000000aea00000| Untracked 
| 235|0x00000000aeb00000, 0x00000000aeb00000, 0x00000000aec00000|  0%| F|  |TAMS 0x00000000aeb00000, 0x00000000aeb00000| Untracked 
| 236|0x00000000aec00000, 0x00000000aec00000, 0x00000000aed00000|  0%| F|  |TAMS 0x00000000aec00000, 0x00000000aec00000| Untracked 
| 237|0x00000000aed00000, 0x00000000aed00000, 0x00000000aee00000|  0%| F|  |TAMS 0x00000000aed00000, 0x00000000aed00000| Untracked 
| 238|0x00000000aee00000, 0x00000000aee00000, 0x00000000aef00000|  0%| F|  |TAMS 0x00000000aee00000, 0x00000000aee00000| Untracked 
| 239|0x00000000aef00000, 0x00000000aef00000, 0x00000000af000000|  0%| F|  |TAMS 0x00000000aef00000, 0x00000000aef00000| Untracked 
| 240|0x00000000af000000, 0x00000000af000000, 0x00000000af100000|  0%| F|  |TAMS 0x00000000af000000, 0x00000000af000000| Untracked 
| 241|0x00000000af100000, 0x00000000af100000, 0x00000000af200000|  0%| F|  |TAMS 0x00000000af100000, 0x00000000af100000| Untracked 
| 242|0x00000000af200000, 0x00000000af200000, 0x00000000af300000|  0%| F|  |TAMS 0x00000000af200000, 0x00000000af200000| Untracked 
| 243|0x00000000af300000, 0x00000000af300000, 0x00000000af400000|  0%| F|  |TAMS 0x00000000af300000, 0x00000000af300000| Untracked 
| 244|0x00000000af400000, 0x00000000af400000, 0x00000000af500000|  0%| F|  |TAMS 0x00000000af400000, 0x00000000af400000| Untracked 
| 245|0x00000000af500000, 0x00000000af500000, 0x00000000af600000|  0%| F|  |TAMS 0x00000000af500000, 0x00000000af500000| Untracked 
| 246|0x00000000af600000, 0x00000000af600000, 0x00000000af700000|  0%| F|  |TAMS 0x00000000af600000, 0x00000000af600000| Untracked 
| 247|0x00000000af700000, 0x00000000af700000, 0x00000000af800000|  0%| F|  |TAMS 0x00000000af700000, 0x00000000af700000| Untracked 
| 248|0x00000000af800000, 0x00000000af800000, 0x00000000af900000|  0%| F|  |TAMS 0x00000000af800000, 0x00000000af800000| Untracked 
| 249|0x00000000af900000, 0x00000000af900000, 0x00000000afa00000|  0%| F|  |TAMS 0x00000000af900000, 0x00000000af900000| Untracked 
| 250|0x00000000afa00000, 0x00000000afa00000, 0x00000000afb00000|  0%| F|  |TAMS 0x00000000afa00000, 0x00000000afa00000| Untracked 
| 251|0x00000000afb00000, 0x00000000afb00000, 0x00000000afc00000|  0%| F|  |TAMS 0x00000000afb00000, 0x00000000afb00000| Untracked 
| 252|0x00000000afc00000, 0x00000000afc00000, 0x00000000afd00000|  0%| F|  |TAMS 0x00000000afc00000, 0x00000000afc00000| Untracked 
| 253|0x00000000afd00000, 0x00000000afd00000, 0x00000000afe00000|  0%| F|  |TAMS 0x00000000afd00000, 0x00000000afd00000| Untracked 
| 254|0x00000000afe00000, 0x00000000afe00000, 0x00000000aff00000|  0%| F|  |TAMS 0x00000000afe00000, 0x00000000afe00000| Untracked 
| 255|0x00000000aff00000, 0x00000000aff00000, 0x00000000b0000000|  0%| F|  |TAMS 0x00000000aff00000, 0x00000000aff00000| Untracked 
| 256|0x00000000b0000000, 0x00000000b0000000, 0x00000000b0100000|  0%| F|  |TAMS 0x00000000b0000000, 0x00000000b0000000| Untracked 
| 257|0x00000000b0100000, 0x00000000b0100000, 0x00000000b0200000|  0%| F|  |TAMS 0x00000000b0100000, 0x00000000b0100000| Untracked 
| 258|0x00000000b0200000, 0x00000000b0200000, 0x00000000b0300000|  0%| F|  |TAMS 0x00000000b0200000, 0x00000000b0200000| Untracked 
| 259|0x00000000b0300000, 0x00000000b0300000, 0x00000000b0400000|  0%| F|  |TAMS 0x00000000b0300000, 0x00000000b0300000| Untracked 
| 260|0x00000000b0400000, 0x00000000b0400000, 0x00000000b0500000|  0%| F|  |TAMS 0x00000000b0400000, 0x00000000b0400000| Untracked 
| 261|0x00000000b0500000, 0x00000000b0500000, 0x00000000b0600000|  0%| F|  |TAMS 0x00000000b0500000, 0x00000000b0500000| Untracked 
| 262|0x00000000b0600000, 0x00000000b0600000, 0x00000000b0700000|  0%| F|  |TAMS 0x00000000b0600000, 0x00000000b0600000| Untracked 
| 263|0x00000000b0700000, 0x00000000b0700000, 0x00000000b0800000|  0%| F|  |TAMS 0x00000000b0700000, 0x00000000b0700000| Untracked 
| 264|0x00000000b0800000, 0x00000000b0800000, 0x00000000b0900000|  0%| F|  |TAMS 0x00000000b0800000, 0x00000000b0800000| Untracked 
| 265|0x00000000b0900000, 0x00000000b0900000, 0x00000000b0a00000|  0%| F|  |TAMS 0x00000000b0900000, 0x00000000b0900000| Untracked 
| 266|0x00000000b0a00000, 0x00000000b0a00000, 0x00000000b0b00000|  0%| F|  |TAMS 0x00000000b0a00000, 0x00000000b0a00000| Untracked 
| 267|0x00000000b0b00000, 0x00000000b0b00000, 0x00000000b0c00000|  0%| F|  |TAMS 0x00000000b0b00000, 0x00000000b0b00000| Untracked 
| 268|0x00000000b0c00000, 0x00000000b0c00000, 0x00000000b0d00000|  0%| F|  |TAMS 0x00000000b0c00000, 0x00000000b0c00000| Untracked 
| 269|0x00000000b0d00000, 0x00000000b0d00000, 0x00000000b0e00000|  0%| F|  |TAMS 0x00000000b0d00000, 0x00000000b0d00000| Untracked 
| 270|0x00000000b0e00000, 0x00000000b0e00000, 0x00000000b0f00000|  0%| F|  |TAMS 0x00000000b0e00000, 0x00000000b0e00000| Untracked 
| 271|0x00000000b0f00000, 0x00000000b0f00000, 0x00000000b1000000|  0%| F|  |TAMS 0x00000000b0f00000, 0x00000000b0f00000| Untracked 
| 272|0x00000000b1000000, 0x00000000b1000000, 0x00000000b1100000|  0%| F|  |TAMS 0x00000000b1000000, 0x00000000b1000000| Untracked 
| 273|0x00000000b1100000, 0x00000000b1100000, 0x00000000b1200000|  0%| F|  |TAMS 0x00000000b1100000, 0x00000000b1100000| Untracked 
| 274|0x00000000b1200000, 0x00000000b1200000, 0x00000000b1300000|  0%| F|  |TAMS 0x00000000b1200000, 0x00000000b1200000| Untracked 
| 275|0x00000000b1300000, 0x00000000b1300000, 0x00000000b1400000|  0%| F|  |TAMS 0x00000000b1300000, 0x00000000b1300000| Untracked 
| 276|0x00000000b1400000, 0x00000000b1400000, 0x00000000b1500000|  0%| F|  |TAMS 0x00000000b1400000, 0x00000000b1400000| Untracked 
| 277|0x00000000b1500000, 0x00000000b1500000, 0x00000000b1600000|  0%| F|  |TAMS 0x00000000b1500000, 0x00000000b1500000| Untracked 
| 278|0x00000000b1600000, 0x00000000b1600000, 0x00000000b1700000|  0%| F|  |TAMS 0x00000000b1600000, 0x00000000b1600000| Untracked 
| 279|0x00000000b1700000, 0x00000000b1700000, 0x00000000b1800000|  0%| F|  |TAMS 0x00000000b1700000, 0x00000000b1700000| Untracked 
| 280|0x00000000b1800000, 0x00000000b1800000, 0x00000000b1900000|  0%| F|  |TAMS 0x00000000b1800000, 0x00000000b1800000| Untracked 
| 281|0x00000000b1900000, 0x00000000b1900000, 0x00000000b1a00000|  0%| F|  |TAMS 0x00000000b1900000, 0x00000000b1900000| Untracked 
| 282|0x00000000b1a00000, 0x00000000b1a00000, 0x00000000b1b00000|  0%| F|  |TAMS 0x00000000b1a00000, 0x00000000b1a00000| Untracked 
| 283|0x00000000b1b00000, 0x00000000b1b00000, 0x00000000b1c00000|  0%| F|  |TAMS 0x00000000b1b00000, 0x00000000b1b00000| Untracked 
| 284|0x00000000b1c00000, 0x00000000b1c00000, 0x00000000b1d00000|  0%| F|  |TAMS 0x00000000b1c00000, 0x00000000b1c00000| Untracked 
| 285|0x00000000b1d00000, 0x00000000b1d00000, 0x00000000b1e00000|  0%| F|  |TAMS 0x00000000b1d00000, 0x00000000b1d00000| Untracked 
| 286|0x00000000b1e00000, 0x00000000b1e00000, 0x00000000b1f00000|  0%| F|  |TAMS 0x00000000b1e00000, 0x00000000b1e00000| Untracked 
| 287|0x00000000b1f00000, 0x00000000b1f00000, 0x00000000b2000000|  0%| F|  |TAMS 0x00000000b1f00000, 0x00000000b1f00000| Untracked 
| 288|0x00000000b2000000, 0x00000000b2000000, 0x00000000b2100000|  0%| F|  |TAMS 0x00000000b2000000, 0x00000000b2000000| Untracked 
| 289|0x00000000b2100000, 0x00000000b2100000, 0x00000000b2200000|  0%| F|  |TAMS 0x00000000b2100000, 0x00000000b2100000| Untracked 
| 290|0x00000000b2200000, 0x00000000b2200000, 0x00000000b2300000|  0%| F|  |TAMS 0x00000000b2200000, 0x00000000b2200000| Untracked 
| 291|0x00000000b2300000, 0x00000000b2300000, 0x00000000b2400000|  0%| F|  |TAMS 0x00000000b2300000, 0x00000000b2300000| Untracked 
| 292|0x00000000b2400000, 0x00000000b2400000, 0x00000000b2500000|  0%| F|  |TAMS 0x00000000b2400000, 0x00000000b2400000| Untracked 
| 293|0x00000000b2500000, 0x00000000b2500000, 0x00000000b2600000|  0%| F|  |TAMS 0x00000000b2500000, 0x00000000b2500000| Untracked 
| 294|0x00000000b2600000, 0x00000000b2600000, 0x00000000b2700000|  0%| F|  |TAMS 0x00000000b2600000, 0x00000000b2600000| Untracked 
| 295|0x00000000b2700000, 0x00000000b2700000, 0x00000000b2800000|  0%| F|  |TAMS 0x00000000b2700000, 0x00000000b2700000| Untracked 
| 296|0x00000000b2800000, 0x00000000b2800000, 0x00000000b2900000|  0%| F|  |TAMS 0x00000000b2800000, 0x00000000b2800000| Untracked 
| 297|0x00000000b2900000, 0x00000000b2900000, 0x00000000b2a00000|  0%| F|  |TAMS 0x00000000b2900000, 0x00000000b2900000| Untracked 
| 298|0x00000000b2a00000, 0x00000000b2a00000, 0x00000000b2b00000|  0%| F|  |TAMS 0x00000000b2a00000, 0x00000000b2a00000| Untracked 
| 299|0x00000000b2b00000, 0x00000000b2b00000, 0x00000000b2c00000|  0%| F|  |TAMS 0x00000000b2b00000, 0x00000000b2b00000| Untracked 
| 300|0x00000000b2c00000, 0x00000000b2c00000, 0x00000000b2d00000|  0%| F|  |TAMS 0x00000000b2c00000, 0x00000000b2c00000| Untracked 
| 301|0x00000000b2d00000, 0x00000000b2d00000, 0x00000000b2e00000|  0%| F|  |TAMS 0x00000000b2d00000, 0x00000000b2d00000| Untracked 
| 302|0x00000000b2e00000, 0x00000000b2e00000, 0x00000000b2f00000|  0%| F|  |TAMS 0x00000000b2e00000, 0x00000000b2e00000| Untracked 
| 303|0x00000000b2f00000, 0x00000000b2f00000, 0x00000000b3000000|  0%| F|  |TAMS 0x00000000b2f00000, 0x00000000b2f00000| Untracked 
| 304|0x00000000b3000000, 0x00000000b3000000, 0x00000000b3100000|  0%| F|  |TAMS 0x00000000b3000000, 0x00000000b3000000| Untracked 
| 305|0x00000000b3100000, 0x00000000b3100000, 0x00000000b3200000|  0%| F|  |TAMS 0x00000000b3100000, 0x00000000b3100000| Untracked 
| 306|0x00000000b3200000, 0x00000000b3200000, 0x00000000b3300000|  0%| F|  |TAMS 0x00000000b3200000, 0x00000000b3200000| Untracked 
| 307|0x00000000b3300000, 0x00000000b3300000, 0x00000000b3400000|  0%| F|  |TAMS 0x00000000b3300000, 0x00000000b3300000| Untracked 
| 308|0x00000000b3400000, 0x00000000b3400000, 0x00000000b3500000|  0%| F|  |TAMS 0x00000000b3400000, 0x00000000b3400000| Untracked 
| 309|0x00000000b3500000, 0x00000000b3500000, 0x00000000b3600000|  0%| F|  |TAMS 0x00000000b3500000, 0x00000000b3500000| Untracked 
| 310|0x00000000b3600000, 0x00000000b3600000, 0x00000000b3700000|  0%| F|  |TAMS 0x00000000b3600000, 0x00000000b3600000| Untracked 
| 311|0x00000000b3700000, 0x00000000b3700000, 0x00000000b3800000|  0%| F|  |TAMS 0x00000000b3700000, 0x00000000b3700000| Untracked 
| 312|0x00000000b3800000, 0x00000000b3800000, 0x00000000b3900000|  0%| F|  |TAMS 0x00000000b3800000, 0x00000000b3800000| Untracked 
| 313|0x00000000b3900000, 0x00000000b3900000, 0x00000000b3a00000|  0%| F|  |TAMS 0x00000000b3900000, 0x00000000b3900000| Untracked 
| 314|0x00000000b3a00000, 0x00000000b3a00000, 0x00000000b3b00000|  0%| F|  |TAMS 0x00000000b3a00000, 0x00000000b3a00000| Untracked 
| 315|0x00000000b3b00000, 0x00000000b3b00000, 0x00000000b3c00000|  0%| F|  |TAMS 0x00000000b3b00000, 0x00000000b3b00000| Untracked 
| 316|0x00000000b3c00000, 0x00000000b3c00000, 0x00000000b3d00000|  0%| F|  |TAMS 0x00000000b3c00000, 0x00000000b3c00000| Untracked 
| 317|0x00000000b3d00000, 0x00000000b3d00000, 0x00000000b3e00000|  0%| F|  |TAMS 0x00000000b3d00000, 0x00000000b3d00000| Untracked 
| 318|0x00000000b3e00000, 0x00000000b3e00000, 0x00000000b3f00000|  0%| F|  |TAMS 0x00000000b3e00000, 0x00000000b3e00000| Untracked 
| 319|0x00000000b3f00000, 0x00000000b3f00000, 0x00000000b4000000|  0%| F|  |TAMS 0x00000000b3f00000, 0x00000000b3f00000| Untracked 
| 320|0x00000000b4000000, 0x00000000b4000000, 0x00000000b4100000|  0%| F|  |TAMS 0x00000000b4000000, 0x00000000b4000000| Untracked 
| 321|0x00000000b4100000, 0x00000000b4100000, 0x00000000b4200000|  0%| F|  |TAMS 0x00000000b4100000, 0x00000000b4100000| Untracked 
| 322|0x00000000b4200000, 0x00000000b4200000, 0x00000000b4300000|  0%| F|  |TAMS 0x00000000b4200000, 0x00000000b4200000| Untracked 
| 323|0x00000000b4300000, 0x00000000b4300000, 0x00000000b4400000|  0%| F|  |TAMS 0x00000000b4300000, 0x00000000b4300000| Untracked 
| 324|0x00000000b4400000, 0x00000000b4400000, 0x00000000b4500000|  0%| F|  |TAMS 0x00000000b4400000, 0x00000000b4400000| Untracked 
| 325|0x00000000b4500000, 0x00000000b4600000, 0x00000000b4600000|100%| S|CS|TAMS 0x00000000b4500000, 0x00000000b4500000| Complete 
| 326|0x00000000b4600000, 0x00000000b4700000, 0x00000000b4700000|100%| S|CS|TAMS 0x00000000b4600000, 0x00000000b4600000| Complete 
| 327|0x00000000b4700000, 0x00000000b4800000, 0x00000000b4800000|100%| S|CS|TAMS 0x00000000b4700000, 0x00000000b4700000| Complete 
| 328|0x00000000b4800000, 0x00000000b4800000, 0x00000000b4900000|  0%| F|  |TAMS 0x00000000b4800000, 0x00000000b4800000| Untracked 
| 329|0x00000000b4900000, 0x00000000b4900000, 0x00000000b4a00000|  0%| F|  |TAMS 0x00000000b4900000, 0x00000000b4900000| Untracked 
| 330|0x00000000b4a00000, 0x00000000b4a00000, 0x00000000b4b00000|  0%| F|  |TAMS 0x00000000b4a00000, 0x00000000b4a00000| Untracked 
| 331|0x00000000b4b00000, 0x00000000b4b00000, 0x00000000b4c00000|  0%| F|  |TAMS 0x00000000b4b00000, 0x00000000b4b00000| Untracked 
| 332|0x00000000b4c00000, 0x00000000b4c00000, 0x00000000b4d00000|  0%| F|  |TAMS 0x00000000b4c00000, 0x00000000b4c00000| Untracked 
| 333|0x00000000b4d00000, 0x00000000b4d00000, 0x00000000b4e00000|  0%| F|  |TAMS 0x00000000b4d00000, 0x00000000b4d00000| Untracked 
| 334|0x00000000b4e00000, 0x00000000b4e00000, 0x00000000b4f00000|  0%| F|  |TAMS 0x00000000b4e00000, 0x00000000b4e00000| Untracked 
| 335|0x00000000b4f00000, 0x00000000b4f00000, 0x00000000b5000000|  0%| F|  |TAMS 0x00000000b4f00000, 0x00000000b4f00000| Untracked 
| 336|0x00000000b5000000, 0x00000000b5000000, 0x00000000b5100000|  0%| F|  |TAMS 0x00000000b5000000, 0x00000000b5000000| Untracked 
| 337|0x00000000b5100000, 0x00000000b517ea88, 0x00000000b5200000| 49%| E|  |TAMS 0x00000000b5100000, 0x00000000b5100000| Complete 
| 338|0x00000000b5200000, 0x00000000b5300000, 0x00000000b5300000|100%| E|CS|TAMS 0x00000000b5200000, 0x00000000b5200000| Complete 
| 339|0x00000000b5300000, 0x00000000b5400000, 0x00000000b5400000|100%| E|CS|TAMS 0x00000000b5300000, 0x00000000b5300000| Complete 
| 340|0x00000000b5400000, 0x00000000b5500000, 0x00000000b5500000|100%| E|CS|TAMS 0x00000000b5400000, 0x00000000b5400000| Complete 
| 341|0x00000000b5500000, 0x00000000b5600000, 0x00000000b5600000|100%| E|CS|TAMS 0x00000000b5500000, 0x00000000b5500000| Complete 
| 342|0x00000000b5600000, 0x00000000b5700000, 0x00000000b5700000|100%| E|CS|TAMS 0x00000000b5600000, 0x00000000b5600000| Complete 
| 343|0x00000000b5700000, 0x00000000b5800000, 0x00000000b5800000|100%| E|CS|TAMS 0x00000000b5700000, 0x00000000b5700000| Complete 
| 344|0x00000000b5800000, 0x00000000b5900000, 0x00000000b5900000|100%| E|CS|TAMS 0x00000000b5800000, 0x00000000b5800000| Complete 

Card table byte_map: [0x000002c77ba40000,0x000002c77bd40000] _byte_map_base: 0x000002c77b540000

Marking Bits (Prev, Next): (CMBitMap*) 0x000002c777c64d10, (CMBitMap*) 0x000002c777c64cd8
 Prev Bits: [0x000002c77d840000, 0x000002c77f040000)
 Next Bits: [0x000002c77c040000, 0x000002c77d840000)

Polling page: 0x000002c775a00000

Metaspace:

Usage:
  Non-class:     83.17 MB capacity,    79.70 MB ( 96%) used,     3.16 MB (  4%) free+waste,   310.88 KB ( <1%) overhead. 
      Class:     13.47 MB capacity,    11.98 MB ( 89%) used,     1.34 MB ( 10%) free+waste,   146.44 KB (  1%) overhead. 
       Both:     96.63 MB capacity,    91.68 MB ( 95%) used,     4.50 MB (  5%) free+waste,   457.31 KB ( <1%) overhead. 

Virtual space:
  Non-class space:       84.00 MB reserved,      83.33 MB (>99%) committed 
      Class space:        1.00 GB reserved,      13.50 MB (  1%) committed 
             Both:        1.08 GB reserved,      96.83 MB (  9%) committed 

Chunk freelists:
   Non-Class:  0 bytes
       Class:  1.00 KB
        Both:  1.00 KB

MaxMetaspaceSize: 17179869184.00 GB
CompressedClassSpaceSize: 1.00 GB
Initial GC threshold: 20.80 MB
Current GC threshold: 153.46 MB
CDS: off

CodeHeap 'non-profiled nmethods': size=120064Kb used=6807Kb max_used=6807Kb free=113256Kb
 bounds [0x000002c707ac0000, 0x000002c708170000, 0x000002c70f000000]
CodeHeap 'profiled nmethods': size=120000Kb used=25852Kb max_used=25852Kb free=94147Kb
 bounds [0x000002c700590000, 0x000002c701ed0000, 0x000002c707ac0000]
CodeHeap 'non-nmethods': size=5696Kb used=2375Kb max_used=2426Kb free=3320Kb
 bounds [0x000002c700000000, 0x000002c700270000, 0x000002c700590000]
 total_blobs=13643 nmethods=12747 adapters=807
 compilation: enabled
              stopped_count=0, restarted_count=0
 full_count=0

Compilation events (20 events):
Event: 103.802 Thread 0x000002c77f556000 13086       3       org.gradle.api.internal.artifacts.type.DefaultArtifactTypeRegistry::applyForExtension (45 bytes)
Event: 103.802 Thread 0x000002c77f556000 nmethod 13086 0x000002c701e95a10 code [0x000002c701e95c20, 0x000002c701e96298]
Event: 103.802 Thread 0x000002c77f556000 13087       3       org.gradle.api.internal.artifacts.ivyservice.projectmodule.ProjectArtifactSetResolver$$Lambda$1013/0x0000000100d5bc40::get$Lambda (16 bytes)
Event: 103.803 Thread 0x000002c77f556000 nmethod 13087 0x000002c701e96490 code [0x000002c701e96640, 0x000002c701e967e8]
Event: 103.811 Thread 0x000002c77f551000 nmethod 13088 0x000002c70815ac10 code [0x000002c70815ade0, 0x000002c70815b2d8]
Event: 103.866 Thread 0x000002c77f556000 13089       3       org.gradle.internal.component.model.VariantWithOverloadAttributes::hashCode (16 bytes)
Event: 103.866 Thread 0x000002c77f556000 nmethod 13089 0x000002c701e96910 code [0x000002c701e96ae0, 0x000002c701e96d78]
Event: 103.866 Thread 0x000002c77f556000 13090       3       org.gradle.api.internal.artifacts.ivyservice.moduleconverter.DefaultLocalComponentMetadataBuilder$NestedVariantIdentifier::hashCode (16 bytes)
Event: 103.866 Thread 0x000002c77f556000 nmethod 13090 0x000002c701e96e90 code [0x000002c701e97060, 0x000002c701e97278]
Event: 103.866 Thread 0x000002c77f556000 13091       3       org.gradle.internal.component.model.ComponentConfigurationIdentifier::hashCode (16 bytes)
Event: 103.866 Thread 0x000002c77f556000 nmethod 13091 0x000002c701e97390 code [0x000002c701e97560, 0x000002c701e97778]
Event: 103.919 Thread 0x000002c77f556000 13092       3       com.google.common.collect.LinkedHashMultimap$ValueSet$1::next (43 bytes)
Event: 103.919 Thread 0x000002c77f551000 13096       4       org.gradle.internal.component.external.model.ImmutableCapability::<init> (58 bytes)
Event: 103.920 Thread 0x000002c77f556000 nmethod 13092 0x000002c701e97890 code [0x000002c701e97aa0, 0x000002c701e980d8]
Event: 103.920 Thread 0x000002c77f556000 13093       3       org.gradle.api.internal.artifacts.ivyservice.projectmodule.ProjectArtifactSetResolver$$Lambda$1013/0x0000000100d5bc40::apply (32 bytes)
Event: 103.920 Thread 0x000002c77f556000 nmethod 13093 0x000002c701e98310 code [0x000002c701e984e0, 0x000002c701e987c8]
Event: 103.920 Thread 0x000002c77f556000 13094       3       org.gradle.api.internal.artifacts.ivyservice.projectmodule.ProjectArtifactSetResolver::lambda$mapVariant$0 (23 bytes)
Event: 103.921 Thread 0x000002c77f556000 nmethod 13094 0x000002c701e98910 code [0x000002c701e98ac0, 0x000002c701e98c08]
Event: 103.921 Thread 0x000002c77f556000 13095       3       org.gradle.api.internal.artifacts.ivyservice.projectmodule.ProjectArtifactSetResolver$$Lambda$1013/0x0000000100d5bc40::<init> (38 bytes)
Event: 103.921 Thread 0x000002c77f556000 nmethod 13095 0x000002c701e98d10 code [0x000002c701e98ee0, 0x000002c701e99278]

GC Heap History (20 events):
Event: 46.020 GC heap before
{Heap before GC invocations=53 (full 0):
 garbage-first heap   total 189440K, used 146279K [0x00000000a0000000, 0x0000000100000000)
  region size 1024K, 24 young (24576K), 3 survivors (3072K)
 Metaspace       used 83382K, capacity 87302K, committed 87504K, reserved 1124352K
  class space    used 10876K, capacity 12098K, committed 12160K, reserved 1048576K
}
Event: 46.039 GC heap after
{Heap after GC invocations=54 (full 0):
 garbage-first heap   total 189440K, used 128140K [0x00000000a0000000, 0x0000000100000000)
  region size 1024K, 3 young (3072K), 3 survivors (3072K)
 Metaspace       used 83382K, capacity 87302K, committed 87504K, reserved 1124352K
  class space    used 10876K, capacity 12098K, committed 12160K, reserved 1048576K
}
Event: 46.462 GC heap before
{Heap before GC invocations=54 (full 0):
 garbage-first heap   total 189440K, used 147596K [0x00000000a0000000, 0x0000000100000000)
  region size 1024K, 23 young (23552K), 3 survivors (3072K)
 Metaspace       used 83595K, capacity 87744K, committed 87760K, reserved 1124352K
  class space    used 10907K, capacity 12158K, committed 12160K, reserved 1048576K
}
Event: 46.478 GC heap after
{Heap after GC invocations=55 (full 0):
 garbage-first heap   total 189440K, used 131372K [0x00000000a0000000, 0x0000000100000000)
  region size 1024K, 3 young (3072K), 3 survivors (3072K)
 Metaspace       used 83595K, capacity 87744K, committed 87760K, reserved 1124352K
  class space    used 10907K, capacity 12158K, committed 12160K, reserved 1048576K
}
Event: 47.079 GC heap before
{Heap before GC invocations=55 (full 0):
 garbage-first heap   total 189440K, used 151852K [0x00000000a0000000, 0x0000000100000000)
  region size 1024K, 23 young (23552K), 3 survivors (3072K)
 Metaspace       used 83852K, capacity 88221K, committed 88400K, reserved 1126400K
  class space    used 10950K, capacity 12266K, committed 12288K, reserved 1048576K
}
Event: 47.102 GC heap after
{Heap after GC invocations=56 (full 0):
 garbage-first heap   total 253952K, used 135168K [0x00000000a0000000, 0x0000000100000000)
  region size 1024K, 3 young (3072K), 3 survivors (3072K)
 Metaspace       used 83852K, capacity 88221K, committed 88400K, reserved 1126400K
  class space    used 10950K, capacity 12266K, committed 12288K, reserved 1048576K
}
Event: 47.343 GC heap before
{Heap before GC invocations=57 (full 0):
 garbage-first heap   total 253952K, used 145408K [0x00000000a0000000, 0x0000000100000000)
  region size 1024K, 14 young (14336K), 3 survivors (3072K)
 Metaspace       used 84017K, capacity 88560K, committed 88784K, reserved 1126400K
  class space    used 10973K, capacity 12329K, committed 12416K, reserved 1048576K
}
Event: 47.365 GC heap after
{Heap after GC invocations=58 (full 0):
 garbage-first heap   total 253952K, used 137089K [0x00000000a0000000, 0x0000000100000000)
  region size 1024K, 5 young (5120K), 5 survivors (5120K)
 Metaspace       used 84017K, capacity 88560K, committed 88784K, reserved 1126400K
  class space    used 10973K, capacity 12329K, committed 12416K, reserved 1048576K
}
Event: 48.915 GC heap before
{Heap before GC invocations=59 (full 0):
 garbage-first heap   total 253952K, used 173953K [0x00000000a0000000, 0x0000000100000000)
  region size 1024K, 40 young (40960K), 5 survivors (5120K)
 Metaspace       used 85189K, capacity 89987K, committed 90320K, reserved 1126400K
  class space    used 11142K, capacity 12588K, committed 12672K, reserved 1048576K
}
Event: 48.961 GC heap after
{Heap after GC invocations=60 (full 0):
 garbage-first heap   total 253952K, used 142459K [0x00000000a0000000, 0x0000000100000000)
  region size 1024K, 5 young (5120K), 5 survivors (5120K)
 Metaspace       used 85189K, capacity 89987K, committed 90320K, reserved 1126400K
  class space    used 11142K, capacity 12588K, committed 12672K, reserved 1048576K
}
Event: 53.604 GC heap before
{Heap before GC invocations=60 (full 0):
 garbage-first heap   total 253952K, used 178299K [0x00000000a0000000, 0x0000000100000000)
  region size 1024K, 40 young (40960K), 5 survivors (5120K)
 Metaspace       used 88203K, capacity 93029K, committed 93136K, reserved 1130496K
  class space    used 11609K, capacity 13078K, committed 13184K, reserved 1048576K
}
Event: 53.651 GC heap after
{Heap after GC invocations=61 (full 0):
 garbage-first heap   total 253952K, used 145726K [0x00000000a0000000, 0x0000000100000000)
  region size 1024K, 3 young (3072K), 3 survivors (3072K)
 Metaspace       used 88203K, capacity 93029K, committed 93136K, reserved 1130496K
  class space    used 11609K, capacity 13078K, committed 13184K, reserved 1048576K
}
Event: 55.651 GC heap before
{Heap before GC invocations=62 (full 0):
 garbage-first heap   total 253952K, used 183614K [0x00000000a0000000, 0x0000000100000000)
  region size 1024K, 40 young (40960K), 3 survivors (3072K)
 Metaspace       used 92070K, capacity 96930K, committed 97104K, reserved 1132544K
  class space    used 12071K, capacity 13530K, committed 13568K, reserved 1048576K
}
Event: 55.667 GC heap after
{Heap after GC invocations=63 (full 0):
 garbage-first heap   total 353280K, used 148960K [0x00000000a0000000, 0x0000000100000000)
  region size 1024K, 5 young (5120K), 5 survivors (5120K)
 Metaspace       used 92070K, capacity 96930K, committed 97104K, reserved 1132544K
  class space    used 12071K, capacity 13530K, committed 13568K, reserved 1048576K
}
Event: 61.588 GC heap before
{Heap before GC invocations=63 (full 0):
 garbage-first heap   total 353280K, used 218592K [0x00000000a0000000, 0x0000000100000000)
  region size 1024K, 73 young (74752K), 5 survivors (5120K)
 Metaspace       used 93537K, capacity 98450K, committed 98640K, reserved 1134592K
  class space    used 12227K, capacity 13699K, committed 13824K, reserved 1048576K
}
Event: 68.219 GC heap after
{Heap after GC invocations=64 (full 0):
 garbage-first heap   total 353280K, used 165462K [0x00000000a0000000, 0x0000000100000000)
  region size 1024K, 10 young (10240K), 10 survivors (10240K)
 Metaspace       used 93537K, capacity 98450K, committed 98640K, reserved 1134592K
  class space    used 12227K, capacity 13699K, committed 13824K, reserved 1048576K
}
Event: 72.152 GC heap before
{Heap before GC invocations=64 (full 0):
 garbage-first heap   total 353280K, used 172630K [0x00000000a0000000, 0x0000000100000000)
  region size 1024K, 17 young (17408K), 10 survivors (10240K)
 Metaspace       used 93572K, capacity 98524K, committed 98896K, reserved 1134592K
  class space    used 12228K, capacity 13701K, committed 13824K, reserved 1048576K
}
Event: 74.818 GC heap after
{Heap after GC invocations=65 (full 0):
 garbage-first heap   total 353280K, used 169399K [0x00000000a0000000, 0x0000000100000000)
  region size 1024K, 3 young (3072K), 3 survivors (3072K)
 Metaspace       used 93572K, capacity 98524K, committed 98896K, reserved 1134592K
  class space    used 12228K, capacity 13701K, committed 13824K, reserved 1048576K
}
Event: 95.975 GC heap before
{Heap before GC invocations=65 (full 0):
 garbage-first heap   total 353280K, used 183735K [0x00000000a0000000, 0x0000000100000000)
  region size 1024K, 17 young (17408K), 3 survivors (3072K)
 Metaspace       used 93695K, capacity 98679K, committed 98896K, reserved 1134592K
  class space    used 12244K, capacity 13772K, committed 13824K, reserved 1048576K
}
Event: 102.060 GC heap after
{Heap after GC invocations=66 (full 0):
 garbage-first heap   total 353280K, used 174032K [0x00000000a0000000, 0x0000000100000000)
  region size 1024K, 3 young (3072K), 3 survivors (3072K)
 Metaspace       used 93695K, capacity 98679K, committed 98896K, reserved 1134592K
  class space    used 12244K, capacity 13772K, committed 13824K, reserved 1048576K
}

Deoptimization events (20 events):
Event: 59.826 Thread 0x000002c712327800 DEOPT PACKING pc=0x000002c701e18e81 sp=0x000000e52e1f94a0
Event: 59.826 Thread 0x000002c712327800 DEOPT UNPACKING pc=0x000002c70004a95e sp=0x000000e52e1f8940 mode 0
Event: 59.827 Thread 0x000002c712327800 DEOPT PACKING pc=0x000002c70117b947 sp=0x000000e52e1f8e60
Event: 59.827 Thread 0x000002c712327800 DEOPT UNPACKING pc=0x000002c70004a95e sp=0x000000e52e1f83d8 mode 0
Event: 59.827 Thread 0x000002c712327800 DEOPT PACKING pc=0x000002c701e18e81 sp=0x000000e52e1f94a0
Event: 59.827 Thread 0x000002c712327800 DEOPT UNPACKING pc=0x000002c70004a95e sp=0x000000e52e1f8940 mode 0
Event: 61.557 Thread 0x000002c712327800 Uncommon trap: trap_request=0xffffffbe fr.pc=0x000002c708107f74 relative=0x0000000000000234
Event: 61.557 Thread 0x000002c712327800 Uncommon trap: reason=profile_predicate action=maybe_recompile pc=0x000002c708107f74 method=java.util.regex.Pattern$Slice.match(Ljava/util/regex/Matcher;ILjava/lang/CharSequence;)Z @ 18 c2
Event: 61.557 Thread 0x000002c712327800 DEOPT PACKING pc=0x000002c708107f74 sp=0x000000e52e1efee0
Event: 61.557 Thread 0x000002c712327800 DEOPT UNPACKING pc=0x000002c70004a1af sp=0x000000e52e1efe50 mode 2
Event: 61.557 Thread 0x000002c712327800 Uncommon trap: trap_request=0xffffffbe fr.pc=0x000002c708107f74 relative=0x0000000000000234
Event: 61.557 Thread 0x000002c712327800 Uncommon trap: reason=profile_predicate action=maybe_recompile pc=0x000002c708107f74 method=java.util.regex.Pattern$Slice.match(Ljava/util/regex/Matcher;ILjava/lang/CharSequence;)Z @ 18 c2
Event: 61.557 Thread 0x000002c712327800 DEOPT PACKING pc=0x000002c708107f74 sp=0x000000e52e1efd40
Event: 61.557 Thread 0x000002c712327800 DEOPT UNPACKING pc=0x000002c70004a1af sp=0x000000e52e1efcb0 mode 2
Event: 61.557 Thread 0x000002c712327800 Uncommon trap: trap_request=0xffffffbe fr.pc=0x000002c708107f74 relative=0x0000000000000234
Event: 61.557 Thread 0x000002c712327800 Uncommon trap: reason=profile_predicate action=maybe_recompile pc=0x000002c708107f74 method=java.util.regex.Pattern$Slice.match(Ljava/util/regex/Matcher;ILjava/lang/CharSequence;)Z @ 18 c2
Event: 61.557 Thread 0x000002c712327800 DEOPT PACKING pc=0x000002c708107f74 sp=0x000000e52e1f92c0
Event: 61.557 Thread 0x000002c712327800 DEOPT UNPACKING pc=0x000002c70004a1af sp=0x000000e52e1f9230 mode 2
Event: 74.982 Thread 0x000002c712327800 DEOPT PACKING pc=0x000002c701a1b0db sp=0x000000e52e1f9a20
Event: 75.049 Thread 0x000002c712327800 DEOPT UNPACKING pc=0x000002c70004a95e sp=0x000000e52e1f8f20 mode 0

Classes redefined (0 events):
No events

Internal exceptions (20 events):
Event: 47.684 Thread 0x000002c712327800 Exception <a 'java/lang/ClassNotFoundException'{0x00000000ae3bf398}: build_45lmazsv1j918mp28zx4n9fmaBeanInfo> (0x00000000ae3bf398) thrown at [./src/hotspot/share/classfile/systemDictionary.cpp, line 231]
Event: 47.685 Thread 0x000002c712327800 Exception <a 'java/lang/ClassNotFoundException'{0x00000000ae3cb398}: build_45lmazsv1j918mp28zx4n9fmaCustomizer> (0x00000000ae3cb398) thrown at [./src/hotspot/share/classfile/systemDictionary.cpp, line 231]
Event: 49.075 Thread 0x000002c712327800 Exception <a 'java/lang/NoSuchMethodError'{0x00000000af59ac78}: 'void java.lang.invoke.DirectMethodHandle$Holder.invokeInterface(java.lang.Object, java.lang.Object)'> (0x00000000af59ac78) thrown at [./src/hotspot/share/interpreter/linkResolver.cpp, line 773]
Event: 50.177 Thread 0x000002c712327800 Exception <a 'sun/nio/fs/WindowsException'{0x00000000ae56e4a0}> (0x00000000ae56e4a0) thrown at [./src/hotspot/share/prims/jni.cpp, line 616]
Event: 50.178 Thread 0x000002c712327800 Exception <a 'sun/nio/fs/WindowsException'{0x00000000ae56e868}> (0x00000000ae56e868) thrown at [./src/hotspot/share/prims/jni.cpp, line 616]
Event: 53.345 Thread 0x000002c712327800 Exception <a 'java/lang/NullPointerException'{0x00000000ada01f20}> (0x00000000ada01f20) thrown at [./src/hotspot/share/interpreter/linkResolver.cpp, line 1440]
Event: 53.707 Thread 0x000002c712327800 Implicit null exception at 0x000002c707e5a6a8 to 0x000002c707e5c490
Event: 54.111 Thread 0x000002c712327800 Exception <a 'java/lang/NoSuchMethodError'{0x00000000aeddb368}: 'int java.lang.invoke.DirectMethodHandle$Holder.invokeStatic(java.lang.Object, java.lang.Object, int, java.lang.Object)'> (0x00000000aeddb368) thrown at [./src/hotspot/share/interpreter/linkResolver.cpp, line 773]
Event: 54.474 Thread 0x000002c712327800 Exception <a 'sun/nio/fs/WindowsException'{0x00000000aecfc020}> (0x00000000aecfc020) thrown at [./src/hotspot/share/prims/jni.cpp, line 616]
Event: 54.474 Thread 0x000002c712327800 Exception <a 'sun/nio/fs/WindowsException'{0x00000000aecfd3b0}> (0x00000000aecfd3b0) thrown at [./src/hotspot/share/prims/jni.cpp, line 616]
Event: 54.475 Thread 0x000002c712327800 Exception <a 'sun/nio/fs/WindowsException'{0x00000000aecfe778}> (0x00000000aecfe778) thrown at [./src/hotspot/share/prims/jni.cpp, line 616]
Event: 54.475 Thread 0x000002c712327800 Exception <a 'sun/nio/fs/WindowsException'{0x00000000aecffb40}> (0x00000000aecffb40) thrown at [./src/hotspot/share/prims/jni.cpp, line 616]
Event: 56.009 Thread 0x000002c712327800 Implicit null exception at 0x000002c7080ac03b to 0x000002c7080b25b8
Event: 57.492 Thread 0x000002c712327800 Exception <a 'java/lang/NoSuchMethodError'{0x00000000b1c34a78}: 'java.lang.Object java.lang.invoke.Invokers$Holder.linkToTargetMethod(java.lang.Object, java.lang.Object, java.lang.Object, int, java.lang.Object, java.lang.Object)'> (0x00000000b1c34a78) thrown at [./src/hotspot/share/interpreter/linkResolver.cpp, line 773]
Event: 58.106 Thread 0x000002c712327800 Exception <a 'java/lang/ClassNotFoundException'{0x00000000b1a1bd80}: org/gradle/api/internal/file/collections/DefaultConfigurableFileCollectionBeanInfo> (0x00000000b1a1bd80) thrown at [./src/hotspot/share/classfile/systemDictionary.cpp, line 231]
Event: 58.150 Thread 0x000002c712327800 Exception <a 'java/lang/ClassNotFoundException'{0x00000000b1a35f98}: org/gradle/api/internal/file/CompositeFileCollectionBeanInfo> (0x00000000b1a35f98) thrown at [./src/hotspot/share/classfile/systemDictionary.cpp, line 231]
Event: 58.151 Thread 0x000002c712327800 Exception <a 'java/lang/ClassNotFoundException'{0x00000000b1a503b0}: org/gradle/api/internal/file/CompositeFileCollectionCustomizer> (0x00000000b1a503b0) thrown at [./src/hotspot/share/classfile/systemDictionary.cpp, line 231]
Event: 58.153 Thread 0x000002c712327800 Exception <a 'java/lang/ClassNotFoundException'{0x00000000b1a76798}: org/gradle/api/internal/file/collections/DefaultConfigurableFileCollectionCustomizer> (0x00000000b1a76798) thrown at [./src/hotspot/share/classfile/systemDictionary.cpp, line 231]
Event: 58.391 Thread 0x000002c712327800 Exception <a 'java/lang/ClassNotFoundException'{0x00000000b191c970}: org/gradle/api/internal/file/UnionFileCollectionBeanInfo> (0x00000000b191c970) thrown at [./src/hotspot/share/classfile/systemDictionary.cpp, line 231]
Event: 58.392 Thread 0x000002c712327800 Exception <a 'java/lang/ClassNotFoundException'{0x00000000b1935040}: org/gradle/api/internal/file/UnionFileCollectionCustomizer> (0x00000000b1935040) thrown at [./src/hotspot/share/classfile/systemDictionary.cpp, line 231]

Events (20 events):
Event: 90.555 Thread 0x000002c71bbb3800 Thread added: 0x000002c71bbb3800
Event: 91.612 loading class org/gradle/api/artifacts/component/ProjectComponentIdentifier
Event: 91.612 loading class org/gradle/api/artifacts/component/ProjectComponentIdentifier done
Event: 91.613 loading class org/gradle/api/internal/artifacts/transform/ConsumerProvidedVariantFinder$AttributeSpecificCache
Event: 91.613 loading class org/gradle/api/internal/artifacts/transform/ConsumerProvidedVariantFinder$AttributeSpecificCache done
Event: 91.981 Thread 0x000002c71bbb3800 Thread exited: 0x000002c71bbb3800
Event: 92.526 loading class org/gradle/api/internal/attributes/AttributeContainerInternal
Event: 92.526 loading class org/gradle/api/internal/attributes/AttributeContainerInternal done
Event: 92.526 loading class org/gradle/api/internal/artifacts/transform/ConsumerVariantMatchResult
Event: 92.526 loading class org/gradle/api/internal/artifacts/transform/ConsumerVariantMatchResult done
Event: 93.419 loading class org/gradle/api/attributes/AttributeContainer
Event: 93.419 loading class org/gradle/api/attributes/AttributeContainer done
Event: 93.419 loading class org/gradle/api/internal/artifacts/transform/ConsumerProvidedVariantFinder
Event: 93.419 loading class org/gradle/api/internal/artifacts/transform/ConsumerProvidedVariantFinder done
Event: 94.142 loading class org/gradle/api/internal/artifacts/transform/MutableConsumerVariantMatchResult
Event: 94.142 loading class org/gradle/api/internal/artifacts/transform/MutableConsumerVariantMatchResult done
Event: 94.502 loading class org/gradle/api/internal/artifacts/transform/NoMatchConsumerVariantMatchResult
Event: 94.502 loading class org/gradle/api/internal/artifacts/transform/NoMatchConsumerVariantMatchResult done
Event: 94.879 Executing VM operation: G1CollectForAllocation
Event: 102.060 Executing VM operation: G1CollectForAllocation done


Dynamic libraries:
0x00007ff789430000 - 0x00007ff78943a000 	E:\Program Files\Android\Android Studio\jre\bin\java.exe
0x00007ffdea190000 - 0x00007ffdea388000 	C:\WINDOWS\SYSTEM32\ntdll.dll
0x00007ffde8f10000 - 0x00007ffde8fcd000 	C:\WINDOWS\System32\KERNEL32.DLL
0x00007ffde7ef0000 - 0x00007ffde81e6000 	C:\WINDOWS\System32\KERNELBASE.dll
0x00007ffde46f0000 - 0x00007ffde4781000 	C:\WINDOWS\SYSTEM32\apphelp.dll
0x00007ffde7d40000 - 0x00007ffde7e40000 	C:\WINDOWS\System32\ucrtbase.dll
0x00007ffddd8f0000 - 0x00007ffddd909000 	E:\Program Files\Android\Android Studio\jre\bin\jli.dll
0x00007ffde8fd0000 - 0x00007ffde916e000 	C:\WINDOWS\System32\USER32.dll
0x00007ffde0d70000 - 0x00007ffde0d87000 	E:\Program Files\Android\Android Studio\jre\bin\VCRUNTIME140.dll
0x00007ffde7a80000 - 0x00007ffde7aa2000 	C:\WINDOWS\System32\win32u.dll
0x00007ffde9e20000 - 0x00007ffde9e4c000 	C:\WINDOWS\System32\GDI32.dll
0x00007ffde7960000 - 0x00007ffde7a7a000 	C:\WINDOWS\System32\gdi32full.dll
0x00007ffde7870000 - 0x00007ffde790d000 	C:\WINDOWS\System32\msvcp_win.dll
0x00007ffddcea0000 - 0x00007ffddd13a000 	C:\WINDOWS\WinSxS\amd64_microsoft.windows.common-controls_6595b64144ccf1df_6.0.19041.1110_none_60b5254171f9507e\COMCTL32.dll
0x00007ffde9e50000 - 0x00007ffde9eee000 	C:\WINDOWS\System32\msvcrt.dll
0x00007ffde9c30000 - 0x00007ffde9c60000 	C:\WINDOWS\System32\IMM32.DLL
0x00007ffdc7b70000 - 0x00007ffdc7c0d000 	E:\Program Files\Android\Android Studio\jre\bin\msvcp140.dll
0x00007ffdab6b0000 - 0x00007ffdac1b2000 	E:\Program Files\Android\Android Studio\jre\bin\server\jvm.dll
0x00007ffde8b00000 - 0x00007ffde8bae000 	C:\WINDOWS\System32\ADVAPI32.dll
0x00007ffde8d40000 - 0x00007ffde8ddc000 	C:\WINDOWS\System32\sechost.dll
0x00007ffde8de0000 - 0x00007ffde8f06000 	C:\WINDOWS\System32\RPCRT4.dll
0x00007ffde94d0000 - 0x00007ffde94d8000 	C:\WINDOWS\System32\PSAPI.DLL
0x00007ffddc320000 - 0x00007ffddc329000 	C:\WINDOWS\SYSTEM32\WSOCK32.dll
0x00007ffddbe90000 - 0x00007ffddbeb7000 	C:\WINDOWS\SYSTEM32\WINMM.dll
0x00007ffde8cd0000 - 0x00007ffde8d3b000 	C:\WINDOWS\System32\WS2_32.dll
0x00007ffddd150000 - 0x00007ffddd15a000 	C:\WINDOWS\SYSTEM32\VERSION.dll
0x00007ffde6090000 - 0x00007ffde60a2000 	C:\WINDOWS\SYSTEM32\kernel.appcore.dll
0x00007ffddd6c0000 - 0x00007ffddd6d1000 	E:\Program Files\Android\Android Studio\jre\bin\verify.dll
0x00007ffde5d60000 - 0x00007ffde5f44000 	C:\WINDOWS\SYSTEM32\DBGHELP.DLL
0x00007ffdd4fa0000 - 0x00007ffdd4fd4000 	C:\WINDOWS\SYSTEM32\dbgcore.DLL
0x00007ffde7ab0000 - 0x00007ffde7b32000 	C:\WINDOWS\System32\bcryptPrimitives.dll
0x00007ffddc030000 - 0x00007ffddc059000 	E:\Program Files\Android\Android Studio\jre\bin\java.dll
0x00007ffde1d90000 - 0x00007ffde1d9b000 	E:\Program Files\Android\Android Studio\jre\bin\jimage.dll
0x00007ffddc010000 - 0x00007ffddc028000 	E:\Program Files\Android\Android Studio\jre\bin\zip.dll
0x00007ffde94e0000 - 0x00007ffde9c25000 	C:\WINDOWS\System32\SHELL32.dll
0x00007ffde54f0000 - 0x00007ffde5c8b000 	C:\WINDOWS\SYSTEM32\windows.storage.dll
0x00007ffde9170000 - 0x00007ffde94c4000 	C:\WINDOWS\System32\combase.dll
0x00007ffde71e0000 - 0x00007ffde720e000 	C:\WINDOWS\SYSTEM32\Wldp.dll
0x00007ffde9f50000 - 0x00007ffde9ffd000 	C:\WINDOWS\System32\SHCORE.dll
0x00007ffdea000000 - 0x00007ffdea055000 	C:\WINDOWS\System32\shlwapi.dll
0x00007ffde77a0000 - 0x00007ffde77c5000 	C:\WINDOWS\SYSTEM32\profapi.dll
0x00007ffdcfa30000 - 0x00007ffdcfa4a000 	E:\Program Files\Android\Android Studio\jre\bin\net.dll
0x00007ffdde180000 - 0x00007ffdde28a000 	C:\WINDOWS\SYSTEM32\WINHTTP.dll
0x00007ffde6f40000 - 0x00007ffde6faa000 	C:\WINDOWS\system32\mswsock.dll
0x00007ffdcfa10000 - 0x00007ffdcfa24000 	E:\Program Files\Android\Android Studio\jre\bin\nio.dll
0x00007ffde1150000 - 0x00007ffde1177000 	C:\Users\user\.gradle\native\e1d6ef7f7dcc3fd88c89a11ec53ec762bb8ba0a96d01ffa2cd45eb1d1d8dd5c5\windows-amd64\native-platform.dll
0x00007ffdb6710000 - 0x00007ffdb6854000 	C:\Users\user\.gradle\native\0d407fdbe67a94daf76414ababcb853783967236a71b16ec16e742cd7a986fd3\windows-amd64\native-platform-file-events.dll
0x00007ffde18a0000 - 0x00007ffde18aa000 	E:\Program Files\Android\Android Studio\jre\bin\management.dll
0x00007ffde1820000 - 0x00007ffde182d000 	E:\Program Files\Android\Android Studio\jre\bin\management_ext.dll
0x00007ffde7130000 - 0x00007ffde7148000 	C:\WINDOWS\SYSTEM32\CRYPTSP.dll
0x00007ffde6850000 - 0x00007ffde6884000 	C:\WINDOWS\system32\rsaenh.dll
0x00007ffde7bb0000 - 0x00007ffde7bd7000 	C:\WINDOWS\System32\bcrypt.dll
0x00007ffde7760000 - 0x00007ffde778e000 	C:\WINDOWS\SYSTEM32\USERENV.dll
0x00007ffde7150000 - 0x00007ffde715c000 	C:\WINDOWS\SYSTEM32\CRYPTBASE.dll
0x00007ffde6c30000 - 0x00007ffde6c6b000 	C:\WINDOWS\SYSTEM32\IPHLPAPI.DLL
0x00007ffdea140000 - 0x00007ffdea148000 	C:\WINDOWS\System32\NSI.dll
0x00007ffdde940000 - 0x00007ffdde957000 	C:\WINDOWS\SYSTEM32\dhcpcsvc6.DLL
0x00007ffddf730000 - 0x00007ffddf74d000 	C:\WINDOWS\SYSTEM32\dhcpcsvc.DLL
0x00007ffde6c70000 - 0x00007ffde6d3a000 	C:\WINDOWS\SYSTEM32\DNSAPI.dll

dbghelp: loaded successfully - version: 4.0.5 - missing functions: none
symbol engine: initialized successfully - sym options: 0x614 - pdb path: .;E:\Program Files\Android\Android Studio\jre\bin;C:\WINDOWS\SYSTEM32;C:\WINDOWS\WinSxS\amd64_microsoft.windows.common-controls_6595b64144ccf1df_6.0.19041.1110_none_60b5254171f9507e;E:\Program Files\Android\Android Studio\jre\bin\server;C:\Users\user\.gradle\native\e1d6ef7f7dcc3fd88c89a11ec53ec762bb8ba0a96d01ffa2cd45eb1d1d8dd5c5\windows-amd64;C:\Users\user\.gradle\native\0d407fdbe67a94daf76414ababcb853783967236a71b16ec16e742cd7a986fd3\windows-amd64

VM Arguments:
jvm_args: --add-opens=java.base/java.util=ALL-UNNAMED --add-opens=java.base/java.lang=ALL-UNNAMED --add-opens=java.base/java.lang.invoke=ALL-UNNAMED --add-opens=java.base/java.util=ALL-UNNAMED --add-opens=java.prefs/java.util.prefs=ALL-UNNAMED --add-opens=java.prefs/java.util.prefs=ALL-UNNAMED --add-opens=java.base/java.nio.charset=ALL-UNNAMED --add-opens=java.base/java.net=ALL-UNNAMED --add-opens=java.base/java.util.concurrent.atomic=ALL-UNNAMED -Xmx1536M -Dfile.encoding=windows-1252 -Duser.country=US -Duser.language=en -Duser.variant 
java_command: org.gradle.launcher.daemon.bootstrap.GradleDaemon 7.5
java_class_path (initial): C:\Users\user\.gradle\wrapper\dists\gradle-7.5-all\6qsw290k5lz422uaf8jf6m7co\gradle-7.5\lib\gradle-launcher-7.5.jar
Launcher Type: SUN_STANDARD

[Global flags]
     intx CICompilerCount                          = 3                                         {product} {ergonomic}
     uint ConcGCThreads                            = 1                                         {product} {ergonomic}
     uint G1ConcRefinementThreads                  = 4                                         {product} {ergonomic}
   size_t G1HeapRegionSize                         = 1048576                                   {product} {ergonomic}
    uintx GCDrainStackTargetSize                   = 64                                        {product} {ergonomic}
   size_t InitialHeapSize                          = 134217728                                 {product} {ergonomic}
   size_t MarkStackSize                            = 4194304                                   {product} {ergonomic}
   size_t MaxHeapSize                              = 1610612736                                {product} {command line}
   size_t MaxNewSize                               = 965738496                                 {product} {ergonomic}
   size_t MinHeapDeltaBytes                        = 1048576                                   {product} {ergonomic}
    uintx NonNMethodCodeHeapSize                   = 5830732                                {pd product} {ergonomic}
    uintx NonProfiledCodeHeapSize                  = 122913754                              {pd product} {ergonomic}
    uintx ProfiledCodeHeapSize                     = 122913754                              {pd product} {ergonomic}
    uintx ReservedCodeCacheSize                    = 251658240                              {pd product} {ergonomic}
     bool SegmentedCodeCache                       = true                                      {product} {ergonomic}
     bool UseCompressedClassPointers               = true                                 {lp64_product} {ergonomic}
     bool UseCompressedOops                        = true                                 {lp64_product} {ergonomic}
     bool UseG1GC                                  = true                                      {product} {ergonomic}
     bool UseLargePagesIndividualAllocation        = false                                  {pd product} {ergonomic}

Logging:
Log output configuration:
 #0: stdout all=warning uptime,level,tags
 #1: stderr all=off uptime,level,tags

Environment Variables:
JAVA_HOME=E:\Program Files\Android\Android Studio\jre
CLASSPATH=E:\Autotelematics_new_app\autotelematic_new_app\android\\gradle\wrapper\gradle-wrapper.jar
PATH=C:\Program Files\Common Files\Oracle\Java\javapath;C:\Python310\Scripts\;C:\Python310\;C:\TwinCAT\Common64;C:\TwinCAT\Common32;C:\Program Files (x86)\Common Files\MvCodeCameraSDK\Runtime\Win64_x64;C:\Program Files (x86)\Common Files\MvCodeCameraSDK\Runtime\Win32_i86;C:\Program Files\Python38\Scripts\;C:\Program Files\Python38\;C:\Program Files\Python37\Scripts\;C:\Program Files\Python37\;C:\Program Files\Common Files\Siemens\Automation\Simatic OAM\bin;C:\Program Files (x86)\Intel\iCLS Client\;C:\Program Files\Intel\iCLS Client\;C:\WINDOWS\system32;C:\WINDOWS;C:\WINDOWS\System32\Wbem;C:\WINDOWS\System32\WindowsPowerShell\v1.0\;C:\Program Files\Intel\IntelSGXPSW\bin\x64\Release\;C:\Program Files\Intel\IntelSGXPSW\bin\win32\Release\;C:\Program Files (x86)\Intel\Intel(R) Management Engine Components\DAL;C:\Program Files\Intel\Intel(R) Management Engine Components\DAL;C:\Program Files (x86)\Intel\Intel(R) Management Engine Components\IPT;C:\Program Files\Intel\Intel(R) Management Engine Components\IPT;C:\WINDOWS\System32\OpenSSH\;C:\Program Files (x86)\Microsoft SQL Server\Client SDK\ODBC\110\Tools\Binn\;C:\Program Files (x86)\Microsoft SQL Server\120\Tools\Binn\;C:\Program Files (x86)\Microsoft SQL Server\120\DTS\Binn\;C:\Program Files\Git\cmd;C:\Program Files\dotnet\;C:\Program Files\nodejs\;C:\ProgramData\chocolatey\bin;C:\Program Files\Java\jdk-19\bin;D:\anaconda;D:\anaconda\Library\mingw-w64\bin;D:\anaconda\Library\usr\bin;D:\anaconda\Library\bin;D:\anaconda\Scripts;C:\Users\user\AppData\Local\Microsoft\WindowsApps;C:\Users\user\AppData\Local\Programs\Python\Python36-32\python.exe;C:\Program Files\JetBrains\PyCharm Edu 2019.3.1\bin;;C:\Users\user\AppData\Local\Programs\Microsoft VS Code\bin;C:\Users\user\AppData\Roaming\npm;E:\flutter\bin;C:\Users\user\AppData\Local\Android\Sdk\platform-tools;C:\Program Files\Java\jdk-19\bin;;E:\flutter\bin\mingit\cmd
USERNAME=user
OS=Windows_NT
PROCESSOR_IDENTIFIER=Intel64 Family 6 Model 78 Stepping 3, GenuineIntel



---------------  S Y S T E M  ---------------

OS: Windows 10 , 64 bit Build 19041 (10.0.19041.3393)
OS uptime: 0 days 1:05 hours

CPU:total 4 (initial active 4) (2 cores per cpu, 2 threads per core) family 6 model 78 stepping 3 microcode 0xcc, cmov, cx8, fxsr, mmx, sse, sse2, sse3, ssse3, sse4.1, sse4.2, popcnt, avx, avx2, aes, clmul, erms, 3dnowpref, lzcnt, ht, tsc, tscinvbit, bmi1, bmi2, adx, fma

Memory: 4k page, system-wide physical 8090M (1022M free)
TotalPageFile size 11777M (AvailPageFile size 215M)
current process WorkingSet (physical memory assigned to process): 432M, peak: 502M
current process commit charge ("private bytes"): 660M, peak: 674M

vm_info: OpenJDK 64-Bit Server VM (11.0.13+0-b1751.21-8125866) for windows-amd64 JRE (11.0.13+0-b1751.21-8125866), built on Feb  2 2022 03:00:22 by "builder" with MS VC++ 14.0 (VS2015)

END.
